<?xml version="1.0" encoding="UTF-8"?>
<testsuite name="runners.GeneralRunner" tests="0" skipped="0" failures="0" errors="0" timestamp="1970-01-01T00:00:00" hostname="AU3PH5CG141BG50" time="0.0">
  <properties/>
  <system-out><![CDATA[2025-07-21 17:51:31 [Test worker] INFO :: Running slice 1 of 2 using fork 1 of 1 from feature paths [file:/D:/Mi%20Claro%20APP/Auto_Mi_Claro_APP/src/test/resources/features/]
2025-07-21 17:51:31 [Test worker] DEBUG:: Feature paths are [file:/D:/Mi%20Claro%20APP/Auto_Mi_Claro_APP/src/test/resources/features/]
2025-07-21 17:51:31 [Test worker] DEBUG:: Total weighting for 1 scenarios is 5, split across 2 slices provides average weighting per slice of 2.50
2025-07-21 17:51:31 [Test worker] DEBUG:: Total weighting for 1 scenarios is 5, split across 1 slices provides average weighting per slice of 5.00
2025-07-21 17:51:31 [Test worker] DEBUG:: Including in filtering 'Ingresar al modulo pagos y consultas' in pagosyconsultas.feature
2025-07-21 17:51:31 [Test worker] DEBUG:: Filtering for scenarios in feature Ingresar al modulo pagos y consultas
2025-07-21 17:51:31 [Test worker] DEBUG:: Scenario Ingresar al modulo pagos y consultas matches Ingresar al modulo pagos y consultas -> true
2025-07-21 17:51:31 [Test worker] DEBUG:: Test should run: true step: Ingresar a Detalle de tu plan(Ingresar al modulo pagos y consultas)
2025-07-21 17:51:31 [Test worker] INFO :: 1 scenario(s) included for 'Ingresar al modulo pagos y consultas' in file:///D:/Mi%20Claro%20APP/Auto_Mi_Claro_APP/src/test/resources/features/pagosyconsultas.feature
2025-07-21 17:51:31 [Test worker] INFO :: Included scenario 'Ingresar a Detalle de tu plan(Ingresar al modulo pagos y consultas)'
2025-07-21 17:51:31 [Test worker] INFO :: Running 1 of 1 features
2025-07-21 17:51:31 [Test worker] INFO :: Running slice 1 of 2 using fork 1 of 1 from feature paths [file:/D:/Mi%20Claro%20APP/Auto_Mi_Claro_APP/src/test/resources/features/]
2025-07-21 17:51:31 [Test worker] DEBUG:: Feature paths are [file:/D:/Mi%20Claro%20APP/Auto_Mi_Claro_APP/src/test/resources/features/]
2025-07-21 17:51:31 [Test worker] DEBUG:: Total weighting for 1 scenarios is 5, split across 2 slices provides average weighting per slice of 2.50
2025-07-21 17:51:31 [Test worker] DEBUG:: Total weighting for 1 scenarios is 5, split across 1 slices provides average weighting per slice of 5.00
2025-07-21 17:51:31 [Test worker] DEBUG:: Including in filtering 'Ingresar al modulo pagos y consultas' in pagosyconsultas.feature
2025-07-21 17:51:31 [Test worker] DEBUG:: Filtering for scenarios in feature Ingresar al modulo pagos y consultas
2025-07-21 17:51:31 [Test worker] DEBUG:: Scenario Ingresar al modulo pagos y consultas matches Ingresar al modulo pagos y consultas -> true
2025-07-21 17:51:31 [Test worker] DEBUG:: Test should run: true step: Ingresar a Detalle de tu plan(Ingresar al modulo pagos y consultas)
2025-07-21 17:51:31 [Test worker] INFO :: 1 scenario(s) included for 'Ingresar al modulo pagos y consultas' in file:///D:/Mi%20Claro%20APP/Auto_Mi_Claro_APP/src/test/resources/features/pagosyconsultas.feature
2025-07-21 17:51:31 [Test worker] INFO :: Included scenario 'Ingresar a Detalle de tu plan(Ingresar al modulo pagos y consultas)'
2025-07-21 17:51:31 [Test worker] INFO :: Running 1 of 1 features
2025-07-21 17:51:31 [Test worker] DEBUG:: Running feature from file:///D:/Mi%20Claro%20APP/Auto_Mi_Claro_APP/src/test/resources/features/login.feature
2025-07-21 17:51:31 [Test worker] INFO :: ?[96m

-------------------------------------------------------------------------------------
     _______. _______ .______       _______ .__   __.  __  .___________.____    ____ 
    /       ||   ____||   _  \     |   ____||  \ |  | |  | |           |\   \  /   / 
   |   (----`|  |__   |  |_)  |    |  |__   |   \|  | |  | `---|  |----` \   \/   /  
    \   \    |   __|  |      /     |   __|  |  . `  | |  |     |  |       \_    _/   
.----)   |   |  |____ |  |\  \----.|  |____ |  |\   | |  |     |  |         |  |     
|_______/    |_______|| _| `._____||_______||__| \__| |__|     |__|         |__|    
                                                                                     
 News and tutorials at https://serenity-bdd.info                                     
 Documentation at https://serenity-bdd.github.io                                     
 Test Automation Training and Coaching: https://www.serenity-dojo.com                
 Commercial Support: https://www.serenity-dojo.com/serenity-bdd-enterprise-support   
 Join the Serenity Community on Gitter: https://gitter.im/serenity-bdd/serenity-core 
-------------------------------------------------------------------------------------
?[0m
2025-07-21 17:51:31 [Test worker] DEBUG:: Test suite started for story net.thucydides.model.domain.Story@c4bded20
2025-07-21 17:51:31 [Test worker] INFO :: Test Suite Started: Ingreso a la Super App
2025-07-21 17:51:32 [Test worker] DEBUG:: Running feature from file:///D:/Mi%20Claro%20APP/Auto_Mi_Claro_APP/src/test/resources/features/pagosyconsultas.feature
2025-07-21 17:51:32 [Test worker] DEBUG:: Test suite started for story net.thucydides.model.domain.Story@4416a7e0
2025-07-21 17:51:32 [Test worker] INFO :: Test Suite Started: Ingresar al modulo pagos y consultas
2025-07-21 17:51:32 [Test worker] DEBUG:: Running feature from file:///D:/Mi%20Claro%20APP/Auto_Mi_Claro_APP/src/test/resources/features/pagosyconsultas.feature
2025-07-21 17:51:32 [Test worker] DEBUG:: Test suite started for story net.thucydides.model.domain.Story@4416a7e0
2025-07-21 17:51:32 [Test worker] INFO :: Test Suite Started: Ingresar al modulo pagos y consultas
2025-07-21 17:52:51 [Test worker] DEBUG:: Reporting formats: [JSON]
2025-07-21 17:52:51 [Test worker] DEBUG:: Reporting formats: [JSON]
2025-07-21 17:52:51 [Test worker] DEBUG:: Generating reports for 1 test outcomes using: net.thucydides.model.reports.json.JSONTestOutcomeReporter@51dbed72
2025-07-21 17:52:51 [pool-1-thread-1] DEBUG:: Processing test outcome Ingresar al modulo pagos y consultas:Ingresar a Detalle de tu plan
2025-07-21 17:52:51 [pool-1-thread-1] DEBUG:: net.thucydides.model.reports.json.JSONTestOutcomeReporter@51dbed72: Generating report for test outcome: Ingresar al modulo pagos y consultas:Ingresar a Detalle de tu plan
2025-07-21 17:52:51 [pool-1-thread-1] DEBUG:: Generating JSON report for Ingresar a Detalle de tu plan to file D:\Mi Claro APP\Auto_Mi_Claro_APP\target\site\serenity\e24277162cfb85a5513a37f270e75014dfbd6e1c7b24d72095b9632f1c7b362d.json)
2025-07-21 17:52:51 [pool-1-thread-1] DEBUG:: Processing test outcome Ingresar al modulo pagos y consultas:Ingresar a Detalle de tu plan done
2025-07-21 17:52:51 [Test worker] DEBUG:: Shutting down executor service
2025-07-21 17:52:51 [Test worker] DEBUG:: Reports generated in: 42 ms
2025-07-21 17:52:51 [Test worker] DEBUG:: Closing darkroom
2025-07-21 17:52:51 [Darkroom Processing Line] DEBUG:: Darkroom processing line shutting down
2025-07-21 17:52:51 [Test worker] DEBUG:: Closing darkroom
]]></system-out>
  <system-err><![CDATA[log4j:WARN [Logger] should be System.out or System.err.
log4j:WARN Using previously set target, System.out by default.
]]></system-err>
</testsuite>
