<?xml version="1.0" encoding="UTF-8"?>
<testsuite name="Ingresar al modulo pagos y consultas" tests="1" skipped="0" failures="0" errors="0" timestamp="2025-08-01T13:23:37" hostname="AU3PH5CG141BG50" time="195.375">
  <properties/>
  <testcase name="Recargas y Paquetes - Paquetes complementarios" classname="Ingresar al modulo pagos y consultas" time="195.375"/>
  <system-out><![CDATA[2025-08-01 08:23:37 [Test worker] DEBUG:: Running feature from file:///D:/Otros/Mi_Claro/Auto_Mi_Claro_APP/src/test/resources/features/pagosyconsultas.feature
2025-08-01 08:23:37 [Test worker] INFO :: 
  _____   ___   ___   _____     ___   _____     _     ___   _____   ___   ___  
 |_   _| | __| / __| |_   _|   / __| |_   _|   /_\   | _ \ |_   _| | __| |   \ 
   | |   | _|  \__ \   | |     \__ \   | |    / _ \  |   /   | |   | _|  | |) |
   |_|   |___| |___/   |_|     |___/   |_|   /_/ \_\ |_|_\   |_|   |___| |___/ 

Recargas y Paquetes - Paquetes complementarios(ingresar-al-modulo-pagos-y-consultas;recargas-y-paquetes---paquetes-complementarios)
--------------------------------------------------------------------------------
2025-08-01 08:23:37 [Test worker] INFO :: ?[92m|-- Given EL USUARIO ABRE LA SUPER APP?[0m
2025-08-01 08:23:51 [Test worker] DEBUG:: default content already selected for Logo de espera al iniciar la App Mi Claro
2025-08-01 08:25:27 [Test worker] INFO :: ?[92m|---- Actor?[0m
2025-08-01 08:25:27 [Test worker] DEBUG:: Opening darkroom
2025-08-01 08:25:27 [Darkroom Processing Line] DEBUG:: Darkroom processing line starting up
2025-08-01 08:25:28 [Test worker] DEBUG:: Send negative for processing for D:\Otros\Mi_Claro\Auto_Mi_Claro_APP\target\site\serenity\60c1c27adcef0436315f58fe5e8515515ac136ce56b82b014008b10e9fbc2560.png
2025-08-01 08:25:28 [Test worker] DEBUG:: STARTING STEP: LoginDefinitions.abrirSuperApp - {0}
2025-08-01 08:25:28 [Darkroom Processing Line] DEBUG:: Processing screenshot image in /var/screenshots/screenshot-7989118581262909937
2025-08-01 08:25:29 [Darkroom Processing Line] DEBUG:: Saving screenshot to D:\Otros\Mi_Claro\Auto_Mi_Claro_APP\target\site\serenity\60c1c27adcef0436315f58fe5e8515515ac136ce56b82b014008b10e9fbc2560.png
2025-08-01 08:25:31 [Test worker] DEBUG:: Send negative for processing for D:\Otros\Mi_Claro\Auto_Mi_Claro_APP\target\site\serenity\60c1c27adcef0436315f58fe5e8515515ac136ce56b82b014008b10e9fbc2560.png
2025-08-01 08:25:31 [Test worker] DEBUG:: STEP DONE: {0}
2025-08-01 08:25:31 [Test worker] INFO :: ?[92m|-- When REALIZA EL INGRESO?[0m
2025-08-01 08:25:31 [Test worker] INFO :: ?[92m|---- Actor ingreso super app?[0m
2025-08-01 08:25:32 [Test worker] DEBUG:: Send negative for processing for D:\Otros\Mi_Claro\Auto_Mi_Claro_APP\target\site\serenity\60c1c27adcef0436315f58fe5e8515515ac136ce56b82b014008b10e9fbc2560.png
2025-08-01 08:25:32 [Test worker] DEBUG:: STARTING STEP: LoginDefinitions.ingresoSuperApp - performAs
2025-08-01 08:25:32 [Test worker] DEBUG:: default content already selected for Label Encabezado de usuario
2025-08-01 08:25:33 [Test worker] INFO :: ?[92m|------ Then validate information text should be 'Hola, Gerencia'?[0m
2025-08-01 08:25:34 [Test worker] DEBUG:: Send negative for processing for D:\Otros\Mi_Claro\Auto_Mi_Claro_APP\target\site\serenity\60c1c27adcef0436315f58fe5e8515515ac136ce56b82b014008b10e9fbc2560.png
2025-08-01 08:25:34 [Test worker] INFO :: ?[92m|-------- Actor visible?[0m
2025-08-01 08:25:34 [Test worker] DEBUG:: STARTING STEP: ValidateInformationText.answeredBy - performAs
2025-08-01 08:25:34 [Test worker] DEBUG:: default content already selected for Label Encabezado de usuario
2025-08-01 08:25:35 [Test worker] DEBUG:: Send negative for processing for D:\Otros\Mi_Claro\Auto_Mi_Claro_APP\target\site\serenity\60c1c27adcef0436315f58fe5e8515515ac136ce56b82b014008b10e9fbc2560.png
2025-08-01 08:25:35 [Test worker] DEBUG:: STEP DONE: performAs
2025-08-01 08:25:35 [Test worker] DEBUG:: default content already selected for Label Encabezado de usuario
2025-08-01 08:25:37 [Test worker] DEBUG:: Send negative for processing for D:\Otros\Mi_Claro\Auto_Mi_Claro_APP\target\site\serenity\60c1c27adcef0436315f58fe5e8515515ac136ce56b82b014008b10e9fbc2560.png
2025-08-01 08:25:39 [Test worker] DEBUG:: Send negative for processing for D:\Otros\Mi_Claro\Auto_Mi_Claro_APP\target\site\serenity\60c1c27adcef0436315f58fe5e8515515ac136ce56b82b014008b10e9fbc2560.png
2025-08-01 08:25:39 [Test worker] DEBUG:: STEP DONE: performAs
2025-08-01 08:25:39 [Test worker] INFO :: ?[92m|-- And VERIFICA VERSION DE LA SUPER APP?[0m
2025-08-01 08:25:39 [Test worker] INFO :: ?[92m|---- Actor version super app?[0m
2025-08-01 08:25:39 [Test worker] DEBUG:: STARTING STEP: LoginDefinitions.verificaVersion - performAs
2025-08-01 08:25:39 [Test worker] INFO :: ?[92m|------ Valida que el texto 'Perfil' este contenido en otro texto visible.?[0m
2025-08-01 08:25:40 [Test worker] DEBUG:: Send negative for processing for D:\Otros\Mi_Claro\Auto_Mi_Claro_APP\target\site\serenity\60c1c27adcef0436315f58fe5e8515515ac136ce56b82b014008b10e9fbc2560.png
2025-08-01 08:25:40 [Test worker] DEBUG:: STARTING STEP: VersionSuperApp.performAs - Valida que el texto '#text' este contenido en otro texto visible.
2025-08-01 08:25:41 [Test worker] DEBUG:: Send negative for processing for D:\Otros\Mi_Claro\Auto_Mi_Claro_APP\target\site\serenity\0c004967aef5e03fa6d8fc4d4e66eea2386ad597032621d1e54545ce5cd6b563.png
2025-08-01 08:25:41 [Test worker] DEBUG:: STEP DONE: Valida que el texto '#text' este contenido en otro texto visible.
2025-08-01 08:25:41 [Darkroom Processing Line] DEBUG:: Processing screenshot image in /var/screenshots/screenshot-9276344129892375827
2025-08-01 08:25:41 [Test worker] INFO :: ?[92m|------ Valida que el texto 'Hola, Gerencia' este presente en pantalla?[0m
2025-08-01 08:25:41 [Test worker] DEBUG:: STARTING STEP: VersionSuperApp.performAs - Valida que el texto '#text' este presente en pantalla
2025-08-01 08:25:42 [Darkroom Processing Line] DEBUG:: Saving screenshot to D:\Otros\Mi_Claro\Auto_Mi_Claro_APP\target\site\serenity\0c004967aef5e03fa6d8fc4d4e66eea2386ad597032621d1e54545ce5cd6b563.png
2025-08-01 08:25:42 [Test worker] DEBUG:: Send negative for processing for D:\Otros\Mi_Claro\Auto_Mi_Claro_APP\target\site\serenity\0c004967aef5e03fa6d8fc4d4e66eea2386ad597032621d1e54545ce5cd6b563.png
2025-08-01 08:25:42 [Test worker] DEBUG:: STEP DONE: Valida que el texto '#text' este presente en pantalla
2025-08-01 08:25:42 [Test worker] INFO :: ?[92m|------ Valida que el texto 'Versión' este contenido en otro texto visible.?[0m
2025-08-01 08:25:42 [Test worker] DEBUG:: STARTING STEP: VersionSuperApp.performAs - Valida que el texto '#text' este contenido en otro texto visible.
2025-08-01 08:25:43 [Test worker] DEBUG:: Send negative for processing for D:\Otros\Mi_Claro\Auto_Mi_Claro_APP\target\site\serenity\0c004967aef5e03fa6d8fc4d4e66eea2386ad597032621d1e54545ce5cd6b563.png
2025-08-01 08:25:43 [Test worker] DEBUG:: STEP DONE: Valida que el texto '#text' este contenido en otro texto visible.
2025-08-01 08:25:44 [Test worker] INFO :: ?[92m|------ Valida que el texto 'Mundo Claro' este contenido en otro texto visible.?[0m
2025-08-01 08:25:45 [Test worker] DEBUG:: Send negative for processing for D:\Otros\Mi_Claro\Auto_Mi_Claro_APP\target\site\serenity\0c004967aef5e03fa6d8fc4d4e66eea2386ad597032621d1e54545ce5cd6b563.png
2025-08-01 08:25:45 [Test worker] DEBUG:: STARTING STEP: VersionSuperApp.performAs - Valida que el texto '#text' este contenido en otro texto visible.
2025-08-01 08:25:46 [Test worker] DEBUG:: Send negative for processing for D:\Otros\Mi_Claro\Auto_Mi_Claro_APP\target\site\serenity\60c1c27adcef0436315f58fe5e8515515ac136ce56b82b014008b10e9fbc2560.png
2025-08-01 08:25:46 [Test worker] DEBUG:: STEP DONE: Valida que el texto '#text' este contenido en otro texto visible.
2025-08-01 08:25:46 [Test worker] DEBUG:: STEP DONE: performAs
2025-08-01 08:25:46 [Test worker] INFO :: ?[92m|-- And INGRESA AL MENU PAGOS Y CONSULTAS?[0m
2025-08-01 08:25:46 [Test worker] INFO :: ?[92m|---- Actor scroll hasta texto?[0m
2025-08-01 08:25:47 [Test worker] DEBUG:: Send negative for processing for D:\Otros\Mi_Claro\Auto_Mi_Claro_APP\target\site\serenity\60c1c27adcef0436315f58fe5e8515515ac136ce56b82b014008b10e9fbc2560.png
2025-08-01 08:25:47 [Test worker] DEBUG:: STARTING STEP: PagosYConsultasDefinitions.menuPagosYConsultas - performAs
2025-08-01 08:25:54 [Test worker] DEBUG:: Send negative for processing for D:\Otros\Mi_Claro\Auto_Mi_Claro_APP\target\site\serenity\221759200cea886b62684f64dafae1513a728bf354208da447e67f75cadc73e5.png
2025-08-01 08:25:54 [Test worker] DEBUG:: STEP DONE: performAs
2025-08-01 08:25:54 [Test worker] INFO :: ?[92m|---- Valida que el texto 'Ver más' este contenido en otro texto visible.?[0m
2025-08-01 08:25:54 [Darkroom Processing Line] DEBUG:: Processing screenshot image in /var/screenshots/screenshot-2871271637844714579
2025-08-01 08:25:54 [Test worker] DEBUG:: STARTING STEP: PagosYConsultasDefinitions.menuPagosYConsultas - Valida que el texto '#text' este contenido en otro texto visible.
2025-08-01 08:25:54 [Darkroom Processing Line] DEBUG:: Saving screenshot to D:\Otros\Mi_Claro\Auto_Mi_Claro_APP\target\site\serenity\221759200cea886b62684f64dafae1513a728bf354208da447e67f75cadc73e5.png
2025-08-01 08:25:56 [Test worker] DEBUG:: Send negative for processing for D:\Otros\Mi_Claro\Auto_Mi_Claro_APP\target\site\serenity\221759200cea886b62684f64dafae1513a728bf354208da447e67f75cadc73e5.png
2025-08-01 08:25:56 [Test worker] DEBUG:: STEP DONE: Valida que el texto '#text' este contenido en otro texto visible.
2025-08-01 08:25:57 [Test worker] DEBUG:: Send negative for processing for D:\Otros\Mi_Claro\Auto_Mi_Claro_APP\target\site\serenity\ba80cb6d156c05baed1f3a2075d6d1f36a37da796e2806a0d6e863a2442b0c77.png
2025-08-01 08:25:57 [Test worker] INFO :: ?[92m|-- And INGRESA AL PORTAL DE RECARGAS Y PAQUETES?[0m
2025-08-01 08:25:57 [Darkroom Processing Line] DEBUG:: Processing screenshot image in /var/screenshots/screenshot-8743318536363015831
2025-08-01 08:25:57 [Test worker] INFO :: ?[92m|---- Actor acceso recargas y paquetes?[0m
2025-08-01 08:25:57 [Darkroom Processing Line] DEBUG:: Saving screenshot to D:\Otros\Mi_Claro\Auto_Mi_Claro_APP\target\site\serenity\ba80cb6d156c05baed1f3a2075d6d1f36a37da796e2806a0d6e863a2442b0c77.png
2025-08-01 08:25:57 [Test worker] DEBUG:: Send negative for processing for D:\Otros\Mi_Claro\Auto_Mi_Claro_APP\target\site\serenity\ba80cb6d156c05baed1f3a2075d6d1f36a37da796e2806a0d6e863a2442b0c77.png
2025-08-01 08:25:57 [Test worker] DEBUG:: STARTING STEP: PagosYConsultasDefinitions.ingresaPortalRecargas - performAs
2025-08-01 08:25:57 [Test worker] INFO :: ?[92m|------ Valida que el texto 'Recargas y paquetes' este contenido en otro texto visible.?[0m
2025-08-01 08:25:57 [Test worker] DEBUG:: STARTING STEP: AccesoRecargasYPaquetes.performAs - Valida que el texto '#text' este contenido en otro texto visible.
2025-08-01 08:25:58 [Test worker] DEBUG:: Send negative for processing for D:\Otros\Mi_Claro\Auto_Mi_Claro_APP\target\site\serenity\ba80cb6d156c05baed1f3a2075d6d1f36a37da796e2806a0d6e863a2442b0c77.png
2025-08-01 08:25:58 [Test worker] DEBUG:: STEP DONE: Valida que el texto '#text' este contenido en otro texto visible.
? Texto visible sin scroll: Línea 310 263 2840 Elegir
2025-08-01 08:26:02 [Test worker] INFO :: ?[92m|------ Valida que el texto '310 263 2840' este contenido en otro texto visible.?[0m
2025-08-01 08:26:03 [Test worker] DEBUG:: Send negative for processing for D:\Otros\Mi_Claro\Auto_Mi_Claro_APP\target\site\serenity\432491cb043aaf18bfd3e5f8709eadb4d53ec72bf94db917714cd1b181c05308.png
2025-08-01 08:26:03 [Test worker] DEBUG:: STARTING STEP: AccesoRecargasYPaquetes.performAs - Valida que el texto '#text' este contenido en otro texto visible.
2025-08-01 08:26:03 [Darkroom Processing Line] DEBUG:: Processing screenshot image in /var/screenshots/screenshot-15569845660776702540
2025-08-01 08:26:03 [Darkroom Processing Line] DEBUG:: Saving screenshot to D:\Otros\Mi_Claro\Auto_Mi_Claro_APP\target\site\serenity\432491cb043aaf18bfd3e5f8709eadb4d53ec72bf94db917714cd1b181c05308.png
2025-08-01 08:26:03 [Test worker] DEBUG:: Send negative for processing for D:\Otros\Mi_Claro\Auto_Mi_Claro_APP\target\site\serenity\432491cb043aaf18bfd3e5f8709eadb4d53ec72bf94db917714cd1b181c05308.png
2025-08-01 08:26:03 [Test worker] DEBUG:: STEP DONE: Valida que el texto '#text' este contenido en otro texto visible.
2025-08-01 08:26:05 [Test worker] DEBUG:: Send negative for processing for D:\Otros\Mi_Claro\Auto_Mi_Claro_APP\target\site\serenity\079ef0c0f4a1d8bf2af483d26799643898736335d08741c1f8ad9681af39c297.png
2025-08-01 08:26:05 [Test worker] DEBUG:: STEP DONE: performAs
2025-08-01 08:26:05 [Darkroom Processing Line] DEBUG:: Processing screenshot image in /var/screenshots/screenshot-6267075093213800721
2025-08-01 08:26:05 [Test worker] INFO :: ?[92m|---- Actor validar info recargas?[0m
2025-08-01 08:26:05 [Test worker] DEBUG:: STARTING STEP: PagosYConsultasDefinitions.ingresaPortalRecargas - performAs
2025-08-01 08:26:05 [Test worker] INFO :: ?[92m|------ actor clicks on Boton de los 3 punticos para validar la mini versión?[0m
2025-08-01 08:26:05 [Darkroom Processing Line] DEBUG:: Saving screenshot to D:\Otros\Mi_Claro\Auto_Mi_Claro_APP\target\site\serenity\079ef0c0f4a1d8bf2af483d26799643898736335d08741c1f8ad9681af39c297.png
2025-08-01 08:26:05 [Test worker] DEBUG:: Send negative for processing for D:\Otros\Mi_Claro\Auto_Mi_Claro_APP\target\site\serenity\079ef0c0f4a1d8bf2af483d26799643898736335d08741c1f8ad9681af39c297.png
2025-08-01 08:26:05 [Test worker] DEBUG:: STARTING STEP: ValidarInfoRecargas.performAs - {0} clicks on #target
2025-08-01 08:26:05 [Test worker] DEBUG:: default content already selected for Boton de los 3 punticos para validar la mini versión
2025-08-01 08:26:07 [Test worker] DEBUG:: Send negative for processing for D:\Otros\Mi_Claro\Auto_Mi_Claro_APP\target\site\serenity\56379f74a63dfd397d5f3ecd4cbfdf7941dd01d3d424e432ba502cd5b65fc17b.png
2025-08-01 08:26:07 [Darkroom Processing Line] DEBUG:: Processing screenshot image in /var/screenshots/screenshot-4882065604080874684
2025-08-01 08:26:07 [Test worker] DEBUG:: STEP DONE: {0} clicks on #target
2025-08-01 08:26:07 [Test worker] INFO :: ?[92m|------ Valida que el texto 'Acerca de' este contenido en otro texto visible.?[0m
2025-08-01 08:26:07 [Test worker] DEBUG:: STARTING STEP: ValidarInfoRecargas.performAs - Valida que el texto '#text' este contenido en otro texto visible.
2025-08-01 08:26:07 [Darkroom Processing Line] DEBUG:: Saving screenshot to D:\Otros\Mi_Claro\Auto_Mi_Claro_APP\target\site\serenity\56379f74a63dfd397d5f3ecd4cbfdf7941dd01d3d424e432ba502cd5b65fc17b.png
2025-08-01 08:26:07 [Test worker] DEBUG:: Send negative for processing for D:\Otros\Mi_Claro\Auto_Mi_Claro_APP\target\site\serenity\6900d08d6a155d8c45bb72fca37fbb863ed4c868b0dd24474f11afee7fbc36fb.png
2025-08-01 08:26:07 [Test worker] DEBUG:: STEP DONE: Valida que el texto '#text' este contenido en otro texto visible.
2025-08-01 08:26:07 [Darkroom Processing Line] DEBUG:: Processing screenshot image in /var/screenshots/screenshot-11735282391400149516
2025-08-01 08:26:07 [Darkroom Processing Line] DEBUG:: Saving screenshot to D:\Otros\Mi_Claro\Auto_Mi_Claro_APP\target\site\serenity\6900d08d6a155d8c45bb72fca37fbb863ed4c868b0dd24474f11afee7fbc36fb.png
2025-08-01 08:26:09 [Test worker] INFO :: ?[92m|------ Valida que el texto 'Recargas y paquetes' este presente en pantalla?[0m
2025-08-01 08:26:09 [Test worker] DEBUG:: Send negative for processing for D:\Otros\Mi_Claro\Auto_Mi_Claro_APP\target\site\serenity\b6163c043a387c59aa06c1e5d85483e8bfb724b6cecade93bd66a1e7533c1e8d.png
2025-08-01 08:26:09 [Test worker] DEBUG:: STARTING STEP: ValidarInfoRecargas.performAs - Valida que el texto '#text' este presente en pantalla
2025-08-01 08:26:09 [Darkroom Processing Line] DEBUG:: Processing screenshot image in /var/screenshots/screenshot-17221670421968783143
2025-08-01 08:26:09 [Darkroom Processing Line] DEBUG:: Saving screenshot to D:\Otros\Mi_Claro\Auto_Mi_Claro_APP\target\site\serenity\b6163c043a387c59aa06c1e5d85483e8bfb724b6cecade93bd66a1e7533c1e8d.png
2025-08-01 08:26:10 [Test worker] DEBUG:: Send negative for processing for D:\Otros\Mi_Claro\Auto_Mi_Claro_APP\target\site\serenity\7b817f1bb1cfdd4c32ac35aecce99b8d20dc37c70dcc7cfaa4b567361212bb09.png
2025-08-01 08:26:10 [Test worker] DEBUG:: STEP DONE: Valida que el texto '#text' este presente en pantalla
2025-08-01 08:26:10 [Darkroom Processing Line] DEBUG:: Processing screenshot image in /var/screenshots/screenshot-10395526284771754967
2025-08-01 08:26:10 [Test worker] INFO :: ?[92m|------ Valida que el texto 'Declaración de Servicio' este presente en pantalla?[0m
2025-08-01 08:26:10 [Test worker] DEBUG:: STARTING STEP: ValidarInfoRecargas.performAs - Valida que el texto '#text' este presente en pantalla
2025-08-01 08:26:10 [Darkroom Processing Line] DEBUG:: Saving screenshot to D:\Otros\Mi_Claro\Auto_Mi_Claro_APP\target\site\serenity\7b817f1bb1cfdd4c32ac35aecce99b8d20dc37c70dcc7cfaa4b567361212bb09.png
2025-08-01 08:26:10 [Test worker] DEBUG:: Send negative for processing for D:\Otros\Mi_Claro\Auto_Mi_Claro_APP\target\site\serenity\7b817f1bb1cfdd4c32ac35aecce99b8d20dc37c70dcc7cfaa4b567361212bb09.png
2025-08-01 08:26:10 [Test worker] DEBUG:: STEP DONE: Valida que el texto '#text' este presente en pantalla
2025-08-01 08:26:10 [Test worker] INFO :: ?[92m|------ Valida que el texto 'Ver' este contenido en otro texto visible.?[0m
2025-08-01 08:26:10 [Test worker] DEBUG:: STARTING STEP: ValidarInfoRecargas.performAs - Valida que el texto '#text' este contenido en otro texto visible.
2025-08-01 08:26:10 [Test worker] DEBUG:: Send negative for processing for D:\Otros\Mi_Claro\Auto_Mi_Claro_APP\target\site\serenity\7b817f1bb1cfdd4c32ac35aecce99b8d20dc37c70dcc7cfaa4b567361212bb09.png
2025-08-01 08:26:10 [Test worker] DEBUG:: STEP DONE: Valida que el texto '#text' este contenido en otro texto visible.
2025-08-01 08:26:11 [Test worker] INFO :: ?[92m|------ Regresa atrás en la aplicacion.?[0m
2025-08-01 08:26:11 [Test worker] DEBUG:: Send negative for processing for D:\Otros\Mi_Claro\Auto_Mi_Claro_APP\target\site\serenity\7b817f1bb1cfdd4c32ac35aecce99b8d20dc37c70dcc7cfaa4b567361212bb09.png
2025-08-01 08:26:11 [Test worker] DEBUG:: STARTING STEP: ValidarInfoRecargas.performAs - Regresa atrás en la aplicacion.
2025-08-01 08:26:12 [Test worker] DEBUG:: Send negative for processing for D:\Otros\Mi_Claro\Auto_Mi_Claro_APP\target\site\serenity\5573648ebdf6c543a1592e7b2742962c6bed4affec18a38fd0134260922efd41.png
2025-08-01 08:26:12 [Test worker] DEBUG:: STEP DONE: Regresa atrás en la aplicacion.
2025-08-01 08:26:12 [Darkroom Processing Line] DEBUG:: Processing screenshot image in /var/screenshots/screenshot-9988471310345984605
2025-08-01 08:26:12 [Test worker] DEBUG:: STEP DONE: performAs
2025-08-01 08:26:12 [Test worker] INFO :: ?[92m|-- Then VALIDA DIRECCIONAMIENTO PAQUETES COMPLEMENTARIOS?[0m
2025-08-01 08:26:12 [Test worker] INFO :: ?[92m|---- Actor paquetes complementarios?[0m
2025-08-01 08:26:12 [Darkroom Processing Line] DEBUG:: Saving screenshot to D:\Otros\Mi_Claro\Auto_Mi_Claro_APP\target\site\serenity\5573648ebdf6c543a1592e7b2742962c6bed4affec18a38fd0134260922efd41.png
2025-08-01 08:26:13 [Test worker] DEBUG:: Send negative for processing for D:\Otros\Mi_Claro\Auto_Mi_Claro_APP\target\site\serenity\079ef0c0f4a1d8bf2af483d26799643898736335d08741c1f8ad9681af39c297.png
2025-08-01 08:26:13 [Test worker] DEBUG:: STARTING STEP: PagosYConsultasDefinitions.validaDireccionamientoPaquetesComplementarios - performAs
2025-08-01 08:26:13 [Test worker] INFO :: ?[92m|------ Valida que el texto 'Paquetes complementarios' este contenido en otro texto visible.?[0m
2025-08-01 08:26:14 [Test worker] DEBUG:: Send negative for processing for D:\Otros\Mi_Claro\Auto_Mi_Claro_APP\target\site\serenity\079ef0c0f4a1d8bf2af483d26799643898736335d08741c1f8ad9681af39c297.png
2025-08-01 08:26:14 [Test worker] DEBUG:: STARTING STEP: PaquetesComplementarios.performAs - Valida que el texto '#text' este contenido en otro texto visible.
2025-08-01 08:26:14 [Test worker] DEBUG:: Send negative for processing for D:\Otros\Mi_Claro\Auto_Mi_Claro_APP\target\site\serenity\21037ee1d3c9595a35f2394e1c5d52b549c5955874d95f6280c0cfd4db0740e8.png
2025-08-01 08:26:14 [Test worker] DEBUG:: STEP DONE: Valida que el texto '#text' este contenido en otro texto visible.
2025-08-01 08:26:14 [Darkroom Processing Line] DEBUG:: Processing screenshot image in /var/screenshots/screenshot-4616059419342519231
2025-08-01 08:26:14 [Darkroom Processing Line] DEBUG:: Saving screenshot to D:\Otros\Mi_Claro\Auto_Mi_Claro_APP\target\site\serenity\21037ee1d3c9595a35f2394e1c5d52b549c5955874d95f6280c0cfd4db0740e8.png
2025-08-01 08:26:17 [Test worker] INFO :: ?[92m|------ Valida que el texto 'Paquetes complementarios' este presente en pantalla?[0m
2025-08-01 08:26:18 [Test worker] DEBUG:: Send negative for processing for D:\Otros\Mi_Claro\Auto_Mi_Claro_APP\target\site\serenity\dd595179af598506d7b5d71b68d099dfbee23563eea8e830542c017b0dc172d7.png
2025-08-01 08:26:18 [Test worker] DEBUG:: STARTING STEP: PaquetesComplementarios.performAs - Valida que el texto '#text' este presente en pantalla
2025-08-01 08:26:18 [Darkroom Processing Line] DEBUG:: Processing screenshot image in /var/screenshots/screenshot-2091606748117216466
2025-08-01 08:26:18 [Darkroom Processing Line] DEBUG:: Saving screenshot to D:\Otros\Mi_Claro\Auto_Mi_Claro_APP\target\site\serenity\dd595179af598506d7b5d71b68d099dfbee23563eea8e830542c017b0dc172d7.png
2025-08-01 08:26:18 [Test worker] DEBUG:: Send negative for processing for D:\Otros\Mi_Claro\Auto_Mi_Claro_APP\target\site\serenity\dd595179af598506d7b5d71b68d099dfbee23563eea8e830542c017b0dc172d7.png
2025-08-01 08:26:18 [Test worker] DEBUG:: STEP DONE: Valida que el texto '#text' este presente en pantalla
2025-08-01 08:26:18 [Test worker] INFO :: ?[92m|------ Valida que el texto '310 263 2840' este contenido en otro texto visible.?[0m
2025-08-01 08:26:18 [Test worker] DEBUG:: STARTING STEP: PaquetesComplementarios.performAs - Valida que el texto '#text' este contenido en otro texto visible.
2025-08-01 08:26:19 [Test worker] DEBUG:: Send negative for processing for D:\Otros\Mi_Claro\Auto_Mi_Claro_APP\target\site\serenity\dd595179af598506d7b5d71b68d099dfbee23563eea8e830542c017b0dc172d7.png
2025-08-01 08:26:19 [Test worker] DEBUG:: STEP DONE: Valida que el texto '#text' este contenido en otro texto visible.
2025-08-01 08:26:19 [Test worker] DEBUG:: default content already selected for Label paquete activo
2025-08-01 08:26:19 [Test worker] INFO :: ?[92m|------ Valida que el texto 'PAQUETE ACTIVO' este presente en pantalla?[0m
2025-08-01 08:26:20 [Test worker] DEBUG:: Send negative for processing for D:\Otros\Mi_Claro\Auto_Mi_Claro_APP\target\site\serenity\dd595179af598506d7b5d71b68d099dfbee23563eea8e830542c017b0dc172d7.png
2025-08-01 08:26:20 [Test worker] DEBUG:: STARTING STEP: PaquetesComplementarios.performAs - Valida que el texto '#text' este presente en pantalla
2025-08-01 08:26:20 [Test worker] DEBUG:: Send negative for processing for D:\Otros\Mi_Claro\Auto_Mi_Claro_APP\target\site\serenity\dd595179af598506d7b5d71b68d099dfbee23563eea8e830542c017b0dc172d7.png
2025-08-01 08:26:20 [Test worker] DEBUG:: STEP DONE: Valida que el texto '#text' este presente en pantalla
2025-08-01 08:26:20 [Test worker] INFO :: ?[92m|------ Valida que el texto 'Desactivar' este presente en pantalla?[0m
2025-08-01 08:26:20 [Test worker] DEBUG:: STARTING STEP: PaquetesComplementarios.performAs - Valida que el texto '#text' este presente en pantalla
2025-08-01 08:26:21 [Test worker] DEBUG:: Send negative for processing for D:\Otros\Mi_Claro\Auto_Mi_Claro_APP\target\site\serenity\dd595179af598506d7b5d71b68d099dfbee23563eea8e830542c017b0dc172d7.png
2025-08-01 08:26:21 [Test worker] DEBUG:: STEP DONE: Valida que el texto '#text' este presente en pantalla
2025-08-01 08:26:21 [Test worker] INFO :: ?[92m|------ Valida que el texto 'Ver detalle del paquete' este contenido en otro texto visible.?[0m
2025-08-01 08:26:21 [Test worker] DEBUG:: STARTING STEP: PaquetesComplementarios.performAs - Valida que el texto '#text' este contenido en otro texto visible.
2025-08-01 08:26:22 [Test worker] DEBUG:: Send negative for processing for D:\Otros\Mi_Claro\Auto_Mi_Claro_APP\target\site\serenity\febcd798b09d42c300dc083122f937e6edc38e9dd71e477ea04a68ea4f03682b.png
2025-08-01 08:26:22 [Test worker] DEBUG:: STEP DONE: Valida que el texto '#text' este contenido en otro texto visible.
2025-08-01 08:26:22 [Test worker] INFO :: ?[92m|------ Valida que el texto 'Complementario Recurrente' este contenido en otro texto visible.?[0m
2025-08-01 08:26:22 [Darkroom Processing Line] DEBUG:: Processing screenshot image in /var/screenshots/screenshot-13153156838445369403
2025-08-01 08:26:22 [Test worker] DEBUG:: STARTING STEP: PaquetesComplementarios.performAs - Valida que el texto '#text' este contenido en otro texto visible.
2025-08-01 08:26:22 [Darkroom Processing Line] DEBUG:: Saving screenshot to D:\Otros\Mi_Claro\Auto_Mi_Claro_APP\target\site\serenity\febcd798b09d42c300dc083122f937e6edc38e9dd71e477ea04a68ea4f03682b.png
2025-08-01 08:26:22 [Test worker] DEBUG:: Send negative for processing for D:\Otros\Mi_Claro\Auto_Mi_Claro_APP\target\site\serenity\7cc92edc04e8b7a1806fe483dd5d953cdd348de150ca8d137a1b2bb2e94b7454.png
2025-08-01 08:26:22 [Test worker] DEBUG:: STEP DONE: Valida que el texto '#text' este contenido en otro texto visible.
2025-08-01 08:26:22 [Darkroom Processing Line] DEBUG:: Processing screenshot image in /var/screenshots/screenshot-3081140574538796262
2025-08-01 08:26:22 [Darkroom Processing Line] DEBUG:: Saving screenshot to D:\Otros\Mi_Claro\Auto_Mi_Claro_APP\target\site\serenity\7cc92edc04e8b7a1806fe483dd5d953cdd348de150ca8d137a1b2bb2e94b7454.png
? Scroll intento #1
? Ajustando texto suavemente: -784 píxeles
? Texto encontrado y ajustado: Cambiar paquete
2025-08-01 08:26:32 [Test worker] INFO :: ?[92m|------ Valida que el texto 'Precio' este presente en pantalla?[0m
2025-08-01 08:26:33 [Test worker] DEBUG:: Send negative for processing for D:\Otros\Mi_Claro\Auto_Mi_Claro_APP\target\site\serenity\8f456ab7aa4131e592ce7b0679d542835ad56f12247456e960ff395e10179662.png
2025-08-01 08:26:33 [Test worker] DEBUG:: STARTING STEP: PaquetesComplementarios.performAs - Valida que el texto '#text' este presente en pantalla
2025-08-01 08:26:33 [Darkroom Processing Line] DEBUG:: Processing screenshot image in /var/screenshots/screenshot-8737722638059830561
2025-08-01 08:26:33 [Darkroom Processing Line] DEBUG:: Saving screenshot to D:\Otros\Mi_Claro\Auto_Mi_Claro_APP\target\site\serenity\8f456ab7aa4131e592ce7b0679d542835ad56f12247456e960ff395e10179662.png
2025-08-01 08:26:33 [Test worker] DEBUG:: Send negative for processing for D:\Otros\Mi_Claro\Auto_Mi_Claro_APP\target\site\serenity\8f456ab7aa4131e592ce7b0679d542835ad56f12247456e960ff395e10179662.png
2025-08-01 08:26:33 [Test worker] DEBUG:: STEP DONE: Valida que el texto '#text' este presente en pantalla
2025-08-01 08:26:33 [Test worker] INFO :: ?[92m|------ actor clicks on Primer botón ver detalle?[0m
2025-08-01 08:26:33 [Test worker] DEBUG:: STARTING STEP: PaquetesComplementarios.performAs - {0} clicks on #target
2025-08-01 08:26:33 [Test worker] DEBUG:: default content already selected for Primer botón ver detalle
2025-08-01 08:26:34 [Test worker] DEBUG:: Send negative for processing for D:\Otros\Mi_Claro\Auto_Mi_Claro_APP\target\site\serenity\4698a3856a11665fe03bb7174d047f865a881ab11359342de5172e59abb6b6c4.png
2025-08-01 08:26:34 [Darkroom Processing Line] DEBUG:: Processing screenshot image in /var/screenshots/screenshot-17589863852463442753
2025-08-01 08:26:34 [Test worker] DEBUG:: STEP DONE: {0} clicks on #target
2025-08-01 08:26:34 [Test worker] INFO :: ?[92m|------ Actor?[0m
2025-08-01 08:26:34 [Test worker] DEBUG:: STARTING STEP: PaquetesComplementarios.performAs - {0}
2025-08-01 08:26:34 [Darkroom Processing Line] DEBUG:: Saving screenshot to D:\Otros\Mi_Claro\Auto_Mi_Claro_APP\target\site\serenity\4698a3856a11665fe03bb7174d047f865a881ab11359342de5172e59abb6b6c4.png
2025-08-01 08:26:37 [Test worker] DEBUG:: Send negative for processing for D:\Otros\Mi_Claro\Auto_Mi_Claro_APP\target\site\serenity\df9a65bf16f650619bd2564d6671d70c522341345a78331a2266853411d1a700.png
2025-08-01 08:26:37 [Test worker] DEBUG:: STEP DONE: {0}
2025-08-01 08:26:37 [Test worker] INFO :: ?[92m|------ Valida que el texto 'Complementario Recurrente' este contenido en otro texto visible.?[0m
2025-08-01 08:26:37 [Darkroom Processing Line] DEBUG:: Processing screenshot image in /var/screenshots/screenshot-6926230844651457781
2025-08-01 08:26:37 [Test worker] DEBUG:: STARTING STEP: PaquetesComplementarios.performAs - Valida que el texto '#text' este contenido en otro texto visible.
2025-08-01 08:26:37 [Darkroom Processing Line] DEBUG:: Saving screenshot to D:\Otros\Mi_Claro\Auto_Mi_Claro_APP\target\site\serenity\df9a65bf16f650619bd2564d6671d70c522341345a78331a2266853411d1a700.png
2025-08-01 08:26:37 [Test worker] DEBUG:: Send negative for processing for D:\Otros\Mi_Claro\Auto_Mi_Claro_APP\target\site\serenity\df9a65bf16f650619bd2564d6671d70c522341345a78331a2266853411d1a700.png
2025-08-01 08:26:37 [Test worker] DEBUG:: STEP DONE: Valida que el texto '#text' este contenido en otro texto visible.
2025-08-01 08:26:38 [Test worker] INFO :: ?[92m|------ Realiza Scroll una vez hacia abajo?[0m
2025-08-01 08:26:39 [Test worker] DEBUG:: Send negative for processing for D:\Otros\Mi_Claro\Auto_Mi_Claro_APP\target\site\serenity\df9a65bf16f650619bd2564d6671d70c522341345a78331a2266853411d1a700.png
2025-08-01 08:26:39 [Test worker] DEBUG:: STARTING STEP: PaquetesComplementarios.performAs - Realiza Scroll una vez hacia abajo
2025-08-01 08:26:41 [Test worker] DEBUG:: Send negative for processing for D:\Otros\Mi_Claro\Auto_Mi_Claro_APP\target\site\serenity\596a4aec8a5a24de9a74a2f27d2203c6c3dae961e17c9a2ceb0a4344408a2582.png
2025-08-01 08:26:41 [Test worker] DEBUG:: STEP DONE: Realiza Scroll una vez hacia abajo
2025-08-01 08:26:41 [Darkroom Processing Line] DEBUG:: Processing screenshot image in /var/screenshots/screenshot-14002378326419782479
2025-08-01 08:26:41 [Test worker] INFO :: ?[92m|------ actor clicks on Segundo botón ver detalle?[0m
2025-08-01 08:26:41 [Test worker] DEBUG:: STARTING STEP: PaquetesComplementarios.performAs - {0} clicks on #target
2025-08-01 08:26:41 [Test worker] DEBUG:: default content already selected for Segundo botón ver detalle
2025-08-01 08:26:41 [Darkroom Processing Line] DEBUG:: Saving screenshot to D:\Otros\Mi_Claro\Auto_Mi_Claro_APP\target\site\serenity\596a4aec8a5a24de9a74a2f27d2203c6c3dae961e17c9a2ceb0a4344408a2582.png
2025-08-01 08:26:41 [Test worker] DEBUG:: Send negative for processing for D:\Otros\Mi_Claro\Auto_Mi_Claro_APP\target\site\serenity\5f73b9e0c0a5c42ec67c7dc8b737992f690f3fd9affc7908361070f71f8da6c5.png
2025-08-01 08:26:41 [Darkroom Processing Line] DEBUG:: Processing screenshot image in /var/screenshots/screenshot-14096918765418945151
2025-08-01 08:26:41 [Test worker] DEBUG:: STEP DONE: {0} clicks on #target
2025-08-01 08:26:41 [Test worker] INFO :: ?[92m|------ Valida que el texto 'Complementario Recurrente' este contenido en otro texto visible.?[0m
2025-08-01 08:26:41 [Test worker] DEBUG:: STARTING STEP: PaquetesComplementarios.performAs - Valida que el texto '#text' este contenido en otro texto visible.
2025-08-01 08:26:42 [Darkroom Processing Line] DEBUG:: Saving screenshot to D:\Otros\Mi_Claro\Auto_Mi_Claro_APP\target\site\serenity\5f73b9e0c0a5c42ec67c7dc8b737992f690f3fd9affc7908361070f71f8da6c5.png
2025-08-01 08:26:42 [Test worker] DEBUG:: Send negative for processing for D:\Otros\Mi_Claro\Auto_Mi_Claro_APP\target\site\serenity\a11396c3a2d129f5ab69270356b1d4ec999956209f762dcf40ef4ea645ecc4f9.png
2025-08-01 08:26:42 [Test worker] DEBUG:: STEP DONE: Valida que el texto '#text' este contenido en otro texto visible.
2025-08-01 08:26:42 [Darkroom Processing Line] DEBUG:: Processing screenshot image in /var/screenshots/screenshot-18131078692469654680
2025-08-01 08:26:42 [Darkroom Processing Line] DEBUG:: Saving screenshot to D:\Otros\Mi_Claro\Auto_Mi_Claro_APP\target\site\serenity\a11396c3a2d129f5ab69270356b1d4ec999956209f762dcf40ef4ea645ecc4f9.png
2025-08-01 08:26:43 [Test worker] INFO :: ?[92m|------ Realiza Scroll una vez hacia abajo?[0m
2025-08-01 08:26:43 [Test worker] DEBUG:: Send negative for processing for D:\Otros\Mi_Claro\Auto_Mi_Claro_APP\target\site\serenity\a11396c3a2d129f5ab69270356b1d4ec999956209f762dcf40ef4ea645ecc4f9.png
2025-08-01 08:26:43 [Test worker] DEBUG:: STARTING STEP: PaquetesComplementarios.performAs - Realiza Scroll una vez hacia abajo
2025-08-01 08:26:45 [Test worker] DEBUG:: Send negative for processing for D:\Otros\Mi_Claro\Auto_Mi_Claro_APP\target\site\serenity\777a35cf86f75eb525d1bc23e1cf104c599002adb08aa1b68fe4566ec4b36ef3.png
2025-08-01 08:26:45 [Test worker] DEBUG:: STEP DONE: Realiza Scroll una vez hacia abajo
2025-08-01 08:26:45 [Test worker] INFO :: ?[92m|------ actor clicks on Segundo botón ver detalle?[0m
2025-08-01 08:26:45 [Darkroom Processing Line] DEBUG:: Processing screenshot image in /var/screenshots/screenshot-3499919461943939679
2025-08-01 08:26:45 [Test worker] DEBUG:: STARTING STEP: PaquetesComplementarios.performAs - {0} clicks on #target
2025-08-01 08:26:45 [Test worker] DEBUG:: default content already selected for Segundo botón ver detalle
2025-08-01 08:26:45 [Darkroom Processing Line] DEBUG:: Saving screenshot to D:\Otros\Mi_Claro\Auto_Mi_Claro_APP\target\site\serenity\777a35cf86f75eb525d1bc23e1cf104c599002adb08aa1b68fe4566ec4b36ef3.png
2025-08-01 08:26:46 [Test worker] DEBUG:: Send negative for processing for D:\Otros\Mi_Claro\Auto_Mi_Claro_APP\target\site\serenity\2ad8cbe40b51f1fa173f6bbdc2fbe49996687495a12f1fe2886ce44d7a39e2e9.png
2025-08-01 08:26:46 [Darkroom Processing Line] DEBUG:: Processing screenshot image in /var/screenshots/screenshot-6250094085885815778
2025-08-01 08:26:46 [Test worker] DEBUG:: STEP DONE: {0} clicks on #target
2025-08-01 08:26:46 [Test worker] INFO :: ?[92m|------ Actor?[0m
2025-08-01 08:26:46 [Test worker] DEBUG:: STARTING STEP: PaquetesComplementarios.performAs - {0}
2025-08-01 08:26:46 [Darkroom Processing Line] DEBUG:: Saving screenshot to D:\Otros\Mi_Claro\Auto_Mi_Claro_APP\target\site\serenity\2ad8cbe40b51f1fa173f6bbdc2fbe49996687495a12f1fe2886ce44d7a39e2e9.png
2025-08-01 08:26:49 [Test worker] DEBUG:: Send negative for processing for D:\Otros\Mi_Claro\Auto_Mi_Claro_APP\target\site\serenity\b52b73f54cc56b85b59c53f2288fde303413fbb2f6e8028dd5cabf64e600e3f8.png
2025-08-01 08:26:49 [Test worker] DEBUG:: STEP DONE: {0}
2025-08-01 08:26:49 [Test worker] INFO :: ?[92m|------ Valida que el texto 'Complementario Recurrente' este contenido en otro texto visible.?[0m
2025-08-01 08:26:49 [Darkroom Processing Line] DEBUG:: Processing screenshot image in /var/screenshots/screenshot-1575504600213317445
2025-08-01 08:26:49 [Test worker] DEBUG:: STARTING STEP: PaquetesComplementarios.performAs - Valida que el texto '#text' este contenido en otro texto visible.
2025-08-01 08:26:49 [Darkroom Processing Line] DEBUG:: Saving screenshot to D:\Otros\Mi_Claro\Auto_Mi_Claro_APP\target\site\serenity\b52b73f54cc56b85b59c53f2288fde303413fbb2f6e8028dd5cabf64e600e3f8.png
2025-08-01 08:26:49 [Test worker] DEBUG:: Send negative for processing for D:\Otros\Mi_Claro\Auto_Mi_Claro_APP\target\site\serenity\b52b73f54cc56b85b59c53f2288fde303413fbb2f6e8028dd5cabf64e600e3f8.png
2025-08-01 08:26:49 [Test worker] DEBUG:: STEP DONE: Valida que el texto '#text' este contenido en otro texto visible.
2025-08-01 08:26:50 [Test worker] DEBUG:: Send negative for processing for D:\Otros\Mi_Claro\Auto_Mi_Claro_APP\target\site\serenity\b52b73f54cc56b85b59c53f2288fde303413fbb2f6e8028dd5cabf64e600e3f8.png
2025-08-01 08:26:50 [Test worker] DEBUG:: STEP DONE: performAs
2025-08-01 08:26:51 [Test worker] INFO :: ?[92m
  _____   ___   ___   _____     ___     _     ___   ___   ___   ___  
 |_   _| | __| / __| |_   _|   | _ \   /_\   / __| / __| | __| |   \ 
   | |   | _|  \__ \   | |     |  _/  / _ \  \__ \ \__ \ | _|  | |) |
   |_|   |___| |___/   |_|     |_|   /_/ \_\ |___/ |___/ |___| |___/ 

Recargas y Paquetes - Paquetes complementarios
----------------------------------------------------------------------?[0m
]]></system-out>
  <system-err><![CDATA[ago. 01, 2025 8:23:37 A. M. utils.WordAppium <clinit>
INFO: messages.properties cargado correctamente.
ago. 01, 2025 8:23:37 A. M. utils.WordAppium inicializarPlantillaReporte
INFO: Plantilla copiada correctamente.
ago. 01, 2025 8:25:38 A. M. utils.CapturaDePantallaMovil tomarCapturaPantalla
INFO: Captura de pantalla guardada con borde rojo: Capturas/1__login_exitoso_a_la_super_app_20250801_082537.png
ago. 01, 2025 8:25:44 A. M. utils.CapturaDePantallaMovil tomarCapturaPantalla
INFO: Captura de pantalla guardada con borde rojo: Capturas/2__informaci_n_inicial_a__validar_versi_n_app___20250801_082543.png
ago. 01, 2025 8:25:56 A. M. utils.CapturaDePantallaMovil tomarCapturaPantalla
INFO: Captura de pantalla guardada con borde rojo: Capturas/3__menu_pagos_y_consultas_20250801_082556.png
ago. 01, 2025 8:26:02 A. M. utils.CapturaDePantallaMovil tomarCapturaPantalla
INFO: Captura de pantalla guardada con borde rojo: Capturas/4__acceso_al_portal_de_recargas_y_paquetes_20250801_082601.png
ago. 01, 2025 8:26:02 A. M. utils.CapturaDePantallaMovil tomarCapturaPantalla
INFO: Captura de pantalla guardada con borde rojo: Capturas/5__seleccionar_la_l_nea_310_263_2840_20250801_082602.png
ago. 01, 2025 8:26:11 A. M. utils.CapturaDePantallaMovil tomarCapturaPantalla
INFO: Captura de pantalla guardada con borde rojo: Capturas/6__validar_mini_versi_n_de_recargas_20250801_082610.png
ago. 01, 2025 8:26:13 A. M. utils.CapturaDePantallaMovil tomarCapturaPantalla
INFO: Captura de pantalla guardada con borde rojo: Capturas/7__ingresar_a_paquetes_complementarios_20250801_082613.png
ago. 01, 2025 8:26:17 A. M. utils.CapturaDePantallaMovil tomarCapturaPantalla
INFO: Captura de pantalla guardada con borde rojo: Capturas/8__validar_direccionamiento_paquetes_complementarios_20250801_082617.png
ago. 01, 2025 8:26:23 A. M. utils.CapturaDePantallaMovil tomarCapturaPantalla
INFO: Captura de pantalla guardada con borde rojo: Capturas/9__validar_detalle_del_paquete_activo_20250801_082622.png
ago. 01, 2025 8:26:38 A. M. utils.CapturaDePantallaMovil tomarCapturaPantalla
INFO: Captura de pantalla guardada con borde rojo: Capturas/10__validar_primer_paquete_20250801_082637.png
ago. 01, 2025 8:26:43 A. M. utils.CapturaDePantallaMovil tomarCapturaPantalla
INFO: Captura de pantalla guardada con borde rojo: Capturas/11__validar_segundo_paquete_20250801_082642.png
ago. 01, 2025 8:26:50 A. M. utils.CapturaDePantallaMovil tomarCapturaPantalla
INFO: Captura de pantalla guardada con borde rojo: Capturas/12__validar_tercer_paquete_20250801_082649.png
ERROR StatusLogger Log4j2 could not find a logging implementation. Please add log4j-core to the classpath. Using SimpleLogger to log to the console...
ago. 01, 2025 8:26:51 A. M. utils.WordAppium generarReporte
INFO: Reporte generado correctamente: D:\Otros\Mi_Claro\Auto_Mi_Claro_APP\reportes\Prueba_Recargas_y_Paquetes_-_Paquetes_complementarios_20250801_082650.docx
]]></system-err>
</testsuite>
