<?xml version="1.0" encoding="UTF-8"?>
<testsuite name="runners.GeneralRunner" tests="0" skipped="0" failures="0" errors="0" timestamp="1970-01-01T00:00:00" hostname="AU3PH5CD142BPSS" time="0.0">
  <properties/>
  <system-out><![CDATA[2025-07-23 12:15:52 [Test worker] INFO :: Running slice 1 of 2 using fork 1 of 1 from feature paths [file:/D:/Automatizaciones/Auto_Mi_Claro_APP/src/test/resources/features/]
2025-07-23 12:15:52 [Test worker] DEBUG:: Feature paths are [file:/D:/Automatizaciones/Auto_Mi_Claro_APP/src/test/resources/features/]
2025-07-23 12:15:52 [Test worker] DEBUG:: Total weighting for 1 scenarios is 3, split across 2 slices provides average weighting per slice of 1.50
2025-07-23 12:15:52 [Test worker] DEBUG:: Total weighting for 1 scenarios is 3, split across 1 slices provides average weighting per slice of 3.00
2025-07-23 12:15:52 [Test worker] DEBUG:: Including in filtering 'Ingreso a la Super App' in login.feature
2025-07-23 12:15:52 [Test worker] DEBUG:: Filtering for scenarios in feature Ingreso a la Super App
2025-07-23 12:15:52 [Test worker] DEBUG:: Scenario Ingreso a la Super App matches Ingreso a la Super App -> true
2025-07-23 12:15:52 [Test worker] DEBUG:: Test should run: true step: Login exitoso con correo electrónico(Ingreso a la Super App)
2025-07-23 12:15:52 [Test worker] INFO :: 1 scenario(s) included for 'Ingreso a la Super App' in file:///D:/Automatizaciones/Auto_Mi_Claro_APP/src/test/resources/features/login.feature
2025-07-23 12:15:52 [Test worker] INFO :: Included scenario 'Login exitoso con correo electrónico(Ingreso a la Super App)'
2025-07-23 12:15:52 [Test worker] INFO :: Running 1 of 1 features
2025-07-23 12:15:52 [Test worker] INFO :: Running slice 1 of 2 using fork 1 of 1 from feature paths [file:/D:/Automatizaciones/Auto_Mi_Claro_APP/src/test/resources/features/]
2025-07-23 12:15:52 [Test worker] DEBUG:: Feature paths are [file:/D:/Automatizaciones/Auto_Mi_Claro_APP/src/test/resources/features/]
2025-07-23 12:15:53 [Test worker] DEBUG:: Total weighting for 1 scenarios is 3, split across 2 slices provides average weighting per slice of 1.50
2025-07-23 12:15:53 [Test worker] DEBUG:: Total weighting for 1 scenarios is 3, split across 1 slices provides average weighting per slice of 3.00
2025-07-23 12:15:53 [Test worker] DEBUG:: Including in filtering 'Ingreso a la Super App' in login.feature
2025-07-23 12:15:53 [Test worker] DEBUG:: Filtering for scenarios in feature Ingreso a la Super App
2025-07-23 12:15:53 [Test worker] DEBUG:: Scenario Ingreso a la Super App matches Ingreso a la Super App -> true
2025-07-23 12:15:53 [Test worker] DEBUG:: Test should run: true step: Login exitoso con correo electrónico(Ingreso a la Super App)
2025-07-23 12:15:53 [Test worker] INFO :: 1 scenario(s) included for 'Ingreso a la Super App' in file:///D:/Automatizaciones/Auto_Mi_Claro_APP/src/test/resources/features/login.feature
2025-07-23 12:15:53 [Test worker] INFO :: Included scenario 'Login exitoso con correo electrónico(Ingreso a la Super App)'
2025-07-23 12:15:53 [Test worker] INFO :: Running 1 of 1 features
2025-07-23 12:15:53 [Test worker] DEBUG:: Running feature from file:///D:/Automatizaciones/Auto_Mi_Claro_APP/src/test/resources/features/login.feature
2025-07-23 12:15:53 [Test worker] INFO :: ?[96m

-------------------------------------------------------------------------------------
     _______. _______ .______       _______ .__   __.  __  .___________.____    ____ 
    /       ||   ____||   _  \     |   ____||  \ |  | |  | |           |\   \  /   / 
   |   (----`|  |__   |  |_)  |    |  |__   |   \|  | |  | `---|  |----` \   \/   /  
    \   \    |   __|  |      /     |   __|  |  . `  | |  |     |  |       \_    _/   
.----)   |   |  |____ |  |\  \----.|  |____ |  |\   | |  |     |  |         |  |     
|_______/    |_______|| _| `._____||_______||__| \__| |__|     |__|         |__|    
                                                                                     
 News and tutorials at https://serenity-bdd.info                                     
 Documentation at https://serenity-bdd.github.io                                     
 Test Automation Training and Coaching: https://www.serenity-dojo.com                
 Commercial Support: https://www.serenity-dojo.com/serenity-bdd-enterprise-support   
 Join the Serenity Community on Gitter: https://gitter.im/serenity-bdd/serenity-core 
-------------------------------------------------------------------------------------
?[0m
2025-07-23 12:15:53 [Test worker] DEBUG:: Test suite started for story net.thucydides.model.domain.Story@c4bded20
2025-07-23 12:15:53 [Test worker] INFO :: Test Suite Started: Ingreso a la Super App
2025-07-23 12:15:53 [Test worker] DEBUG:: Running feature from file:///D:/Automatizaciones/Auto_Mi_Claro_APP/src/test/resources/features/pagosyconsultas.feature
2025-07-23 12:15:53 [Test worker] DEBUG:: Test suite started for story net.thucydides.model.domain.Story@4416a7e0
2025-07-23 12:15:53 [Test worker] INFO :: Test Suite Started: Ingresar al modulo pagos y consultas
2025-07-23 12:15:53 [Test worker] DEBUG:: Running feature from file:///D:/Automatizaciones/Auto_Mi_Claro_APP/src/test/resources/features/login.feature
2025-07-23 12:15:53 [Test worker] DEBUG:: Test suite started for story net.thucydides.model.domain.Story@c4bded20
2025-07-23 12:15:53 [Test worker] INFO :: Test Suite Started: Ingreso a la Super App
2025-07-23 12:16:43 [Test worker] DEBUG:: Reporting formats: [JSON]
2025-07-23 12:16:43 [Test worker] DEBUG:: Reporting formats: [JSON]
2025-07-23 12:16:43 [Test worker] DEBUG:: Generating reports for 1 test outcomes using: net.thucydides.model.reports.json.JSONTestOutcomeReporter@4b511e61
2025-07-23 12:16:43 [pool-1-thread-1] DEBUG:: Processing test outcome Ingreso a la Super App:Login exitoso con correo electrónico
2025-07-23 12:16:43 [pool-1-thread-1] DEBUG:: net.thucydides.model.reports.json.JSONTestOutcomeReporter@4b511e61: Generating report for test outcome: Ingreso a la Super App:Login exitoso con correo electrónico
2025-07-23 12:16:43 [pool-1-thread-1] DEBUG:: Generating JSON report for Login exitoso con correo electrónico to file D:\Automatizaciones\Auto_Mi_Claro_APP\target\site\serenity\f2ed412cea4f080f1715761286107ee168065988ec7620cb4355e5ebfa186bd0.json)
2025-07-23 12:16:43 [pool-1-thread-1] DEBUG:: Processing test outcome Ingreso a la Super App:Login exitoso con correo electrónico done
2025-07-23 12:16:43 [Test worker] DEBUG:: Shutting down executor service
2025-07-23 12:16:43 [Test worker] DEBUG:: Reports generated in: 73 ms
2025-07-23 12:16:43 [Test worker] DEBUG:: Closing darkroom
2025-07-23 12:16:43 [Darkroom Processing Line] DEBUG:: Darkroom processing line shutting down
2025-07-23 12:16:43 [Test worker] DEBUG:: Closing darkroom
]]></system-out>
  <system-err><![CDATA[log4j:WARN [Logger] should be System.out or System.err.
log4j:WARN Using previously set target, System.out by default.
]]></system-err>
</testsuite>
