<?xml version="1.0" encoding="UTF-8"?>
<testsuite name="Ingresar al modulo pagos y consultas" tests="1" skipped="0" failures="0" errors="0" timestamp="2025-07-21T22:51:32" hostname="AU3PH5CG141BG50" time="79.083">
  <properties/>
  <testcase name="Ingresar a Detalle de tu plan" classname="Ingresar al modulo pagos y consultas" time="79.083"/>
  <system-out><![CDATA[2025-07-21 17:51:32 [Test worker] DEBUG:: Running feature from file:///D:/Mi%20Claro%20APP/Auto_Mi_Claro_APP/src/test/resources/features/pagosyconsultas.feature
2025-07-21 17:51:32 [Test worker] INFO :: 
  _____   ___   ___   _____     ___   _____     _     ___   _____   ___   ___  
 |_   _| | __| / __| |_   _|   / __| |_   _|   /_\   | _ \ |_   _| | __| |   \ 
   | |   | _|  \__ \   | |     \__ \   | |    / _ \  |   /   | |   | _|  | |) |
   |_|   |___| |___/   |_|     |___/   |_|   /_/ \_\ |_|_\   |_|   |___| |___/ 

Ingresar a Detalle de tu plan(ingresar-al-modulo-pagos-y-consultas;ingresar-a-detalle-de-tu-plan)
--------------------------------------------------------------------------------
2025-07-21 17:51:32 [Test worker] INFO :: ?[92m|-- Given EL USUARIO ABRE LA SUPER APP?[0m
2025-07-21 17:51:46 [Test worker] DEBUG:: default content already selected for Logo de espera al iniciar la App Mi Claro
2025-07-21 17:51:49 [Test worker] INFO :: ?[92m|---- Actor?[0m
2025-07-21 17:51:49 [Test worker] DEBUG:: Opening darkroom
2025-07-21 17:51:49 [Darkroom Processing Line] DEBUG:: Darkroom processing line starting up
2025-07-21 17:51:50 [Test worker] DEBUG:: Send negative for processing for D:\Mi Claro APP\Auto_Mi_Claro_APP\target\site\serenity\d686f9ca23e48199e2e9a2a5a4ada065e7b1ecb11f7ccaa54dd4d226352cc7a9.png
2025-07-21 17:51:50 [Darkroom Processing Line] DEBUG:: Processing screenshot image in /var/screenshots/screenshot-748641750515264150
2025-07-21 17:51:50 [Test worker] DEBUG:: STARTING STEP: LoginDefinitions.abrirSuperApp - {0}
2025-07-21 17:51:51 [Darkroom Processing Line] DEBUG:: Saving screenshot to D:\Mi Claro APP\Auto_Mi_Claro_APP\target\site\serenity\d686f9ca23e48199e2e9a2a5a4ada065e7b1ecb11f7ccaa54dd4d226352cc7a9.png
2025-07-21 17:51:53 [Test worker] DEBUG:: Send negative for processing for D:\Mi Claro APP\Auto_Mi_Claro_APP\target\site\serenity\d686f9ca23e48199e2e9a2a5a4ada065e7b1ecb11f7ccaa54dd4d226352cc7a9.png
2025-07-21 17:51:53 [Test worker] DEBUG:: STEP DONE: {0}
2025-07-21 17:51:53 [Test worker] INFO :: ?[92m|-- When REALIZA EL INGRESO?[0m
2025-07-21 17:51:53 [Test worker] INFO :: ?[92m|---- Actor ingreso super app?[0m
2025-07-21 17:51:54 [Test worker] DEBUG:: Send negative for processing for D:\Mi Claro APP\Auto_Mi_Claro_APP\target\site\serenity\d686f9ca23e48199e2e9a2a5a4ada065e7b1ecb11f7ccaa54dd4d226352cc7a9.png
2025-07-21 17:51:54 [Test worker] DEBUG:: STARTING STEP: LoginDefinitions.ingresoSuperApp - performAs
2025-07-21 17:51:54 [Test worker] DEBUG:: default content already selected for Label Encabezado de usuario
2025-07-21 17:51:55 [Test worker] INFO :: ?[92m|------ Then validate information text should be 'Hola, Gerencia'?[0m
2025-07-21 17:51:56 [Test worker] DEBUG:: Send negative for processing for D:\Mi Claro APP\Auto_Mi_Claro_APP\target\site\serenity\d686f9ca23e48199e2e9a2a5a4ada065e7b1ecb11f7ccaa54dd4d226352cc7a9.png
2025-07-21 17:51:56 [Test worker] INFO :: ?[92m|-------- Actor visible?[0m
2025-07-21 17:51:56 [Test worker] DEBUG:: STARTING STEP: ValidateInformationText.answeredBy - performAs
2025-07-21 17:51:56 [Test worker] DEBUG:: default content already selected for Label Encabezado de usuario
2025-07-21 17:51:57 [Test worker] DEBUG:: Send negative for processing for D:\Mi Claro APP\Auto_Mi_Claro_APP\target\site\serenity\d686f9ca23e48199e2e9a2a5a4ada065e7b1ecb11f7ccaa54dd4d226352cc7a9.png
2025-07-21 17:51:57 [Test worker] DEBUG:: STEP DONE: performAs
2025-07-21 17:51:57 [Test worker] DEBUG:: default content already selected for Label Encabezado de usuario
2025-07-21 17:51:59 [Test worker] DEBUG:: Send negative for processing for D:\Mi Claro APP\Auto_Mi_Claro_APP\target\site\serenity\d686f9ca23e48199e2e9a2a5a4ada065e7b1ecb11f7ccaa54dd4d226352cc7a9.png
2025-07-21 17:52:01 [Test worker] DEBUG:: Send negative for processing for D:\Mi Claro APP\Auto_Mi_Claro_APP\target\site\serenity\20daea8b255380d7d6534c29927fd9eeb444f671c9a40f30997e27b26e77f561.png
2025-07-21 17:52:01 [Test worker] DEBUG:: STEP DONE: performAs
2025-07-21 17:52:01 [Darkroom Processing Line] DEBUG:: Processing screenshot image in /var/screenshots/screenshot-1705920441459242792
2025-07-21 17:52:01 [Test worker] INFO :: ?[92m|-- And VERIFICA VERSION DE LA SUPER APP?[0m
2025-07-21 17:52:01 [Test worker] INFO :: ?[92m|---- Actor version super app?[0m
2025-07-21 17:52:01 [Test worker] DEBUG:: STARTING STEP: LoginDefinitions.verificaVersion - performAs
2025-07-21 17:52:01 [Test worker] INFO :: ?[92m|------ Valida que el texto 'Perfil' este contenido en otro texto visible.?[0m
2025-07-21 17:52:01 [Darkroom Processing Line] DEBUG:: Saving screenshot to D:\Mi Claro APP\Auto_Mi_Claro_APP\target\site\serenity\20daea8b255380d7d6534c29927fd9eeb444f671c9a40f30997e27b26e77f561.png
2025-07-21 17:52:02 [Test worker] DEBUG:: Send negative for processing for D:\Mi Claro APP\Auto_Mi_Claro_APP\target\site\serenity\20daea8b255380d7d6534c29927fd9eeb444f671c9a40f30997e27b26e77f561.png
2025-07-21 17:52:02 [Test worker] DEBUG:: STARTING STEP: VersionSuperApp.performAs - Valida que el texto '#text' este contenido en otro texto visible.
2025-07-21 17:52:03 [Test worker] DEBUG:: Send negative for processing for D:\Mi Claro APP\Auto_Mi_Claro_APP\target\site\serenity\2c65d7d921029a95d2d08536fae08705c68fbc9ffe2cfdb58472d9f48919bda3.png
2025-07-21 17:52:03 [Test worker] DEBUG:: STEP DONE: Valida que el texto '#text' este contenido en otro texto visible.
2025-07-21 17:52:03 [Darkroom Processing Line] DEBUG:: Processing screenshot image in /var/screenshots/screenshot-2331960673482099888
2025-07-21 17:52:03 [Test worker] INFO :: ?[92m|------ Valida que el texto 'Hola, Gerencia' este presente en pantalla?[0m
2025-07-21 17:52:03 [Test worker] DEBUG:: STARTING STEP: VersionSuperApp.performAs - Valida que el texto '#text' este presente en pantalla
2025-07-21 17:52:03 [Darkroom Processing Line] DEBUG:: Saving screenshot to D:\Mi Claro APP\Auto_Mi_Claro_APP\target\site\serenity\2c65d7d921029a95d2d08536fae08705c68fbc9ffe2cfdb58472d9f48919bda3.png
2025-07-21 17:52:04 [Test worker] DEBUG:: Send negative for processing for D:\Mi Claro APP\Auto_Mi_Claro_APP\target\site\serenity\8a2936b32bf11fe5ee26f71dce05eb114ad60d9680854b26065c482bdd4a2938.png
2025-07-21 17:52:04 [Test worker] DEBUG:: STEP DONE: Valida que el texto '#text' este presente en pantalla
2025-07-21 17:52:04 [Test worker] INFO :: ?[92m|------ Valida que el texto 'Versión' este contenido en otro texto visible.?[0m
2025-07-21 17:52:04 [Darkroom Processing Line] DEBUG:: Processing screenshot image in /var/screenshots/screenshot-8617197970855338537
2025-07-21 17:52:04 [Test worker] DEBUG:: STARTING STEP: VersionSuperApp.performAs - Valida que el texto '#text' este contenido en otro texto visible.
2025-07-21 17:52:04 [Darkroom Processing Line] DEBUG:: Saving screenshot to D:\Mi Claro APP\Auto_Mi_Claro_APP\target\site\serenity\8a2936b32bf11fe5ee26f71dce05eb114ad60d9680854b26065c482bdd4a2938.png
2025-07-21 17:52:05 [Test worker] DEBUG:: Send negative for processing for D:\Mi Claro APP\Auto_Mi_Claro_APP\target\site\serenity\8a2936b32bf11fe5ee26f71dce05eb114ad60d9680854b26065c482bdd4a2938.png
2025-07-21 17:52:05 [Test worker] DEBUG:: STEP DONE: Valida que el texto '#text' este contenido en otro texto visible.
2025-07-21 17:52:06 [Test worker] INFO :: ?[92m|------ Valida que el texto 'Mundo Claro' este contenido en otro texto visible.?[0m
2025-07-21 17:52:06 [Test worker] DEBUG:: Send negative for processing for D:\Mi Claro APP\Auto_Mi_Claro_APP\target\site\serenity\8a2936b32bf11fe5ee26f71dce05eb114ad60d9680854b26065c482bdd4a2938.png
2025-07-21 17:52:06 [Test worker] DEBUG:: STARTING STEP: VersionSuperApp.performAs - Valida que el texto '#text' este contenido en otro texto visible.
2025-07-21 17:52:07 [Test worker] DEBUG:: Send negative for processing for D:\Mi Claro APP\Auto_Mi_Claro_APP\target\site\serenity\e67a7a12793a7105b7de72c9897e3a7067b91f3bcb73e97a700b55152eeef347.png
2025-07-21 17:52:07 [Test worker] DEBUG:: STEP DONE: Valida que el texto '#text' este contenido en otro texto visible.
2025-07-21 17:52:07 [Darkroom Processing Line] DEBUG:: Processing screenshot image in /var/screenshots/screenshot-4152492544281471773
2025-07-21 17:52:07 [Test worker] DEBUG:: STEP DONE: performAs
2025-07-21 17:52:07 [Test worker] INFO :: ?[92m|-- And INGRESA AL MENU PAGOS Y CONSULTAS?[0m
2025-07-21 17:52:07 [Test worker] INFO :: ?[92m|---- Actor scroll hasta texto?[0m
2025-07-21 17:52:08 [Darkroom Processing Line] DEBUG:: Saving screenshot to D:\Mi Claro APP\Auto_Mi_Claro_APP\target\site\serenity\e67a7a12793a7105b7de72c9897e3a7067b91f3bcb73e97a700b55152eeef347.png
2025-07-21 17:52:08 [Test worker] DEBUG:: Send negative for processing for D:\Mi Claro APP\Auto_Mi_Claro_APP\target\site\serenity\e67a7a12793a7105b7de72c9897e3a7067b91f3bcb73e97a700b55152eeef347.png
2025-07-21 17:52:08 [Test worker] DEBUG:: STARTING STEP: PagosYConsultasDefinitions.menuPagosYConsultas - performAs
2025-07-21 17:52:18 [Test worker] DEBUG:: Send negative for processing for D:\Mi Claro APP\Auto_Mi_Claro_APP\target\site\serenity\fa7c4b12badef96613d487adf102e0ca3997c72b5715bc10f4ba799d9a008546.png
2025-07-21 17:52:18 [Test worker] DEBUG:: STEP DONE: performAs
2025-07-21 17:52:18 [Test worker] INFO :: ?[92m|---- Valida que el texto 'Ver más' este contenido en otro texto visible.?[0m
2025-07-21 17:52:18 [Darkroom Processing Line] DEBUG:: Processing screenshot image in /var/screenshots/screenshot-2727179687112782112
2025-07-21 17:52:18 [Test worker] DEBUG:: STARTING STEP: PagosYConsultasDefinitions.menuPagosYConsultas - Valida que el texto '#text' este contenido en otro texto visible.
2025-07-21 17:52:18 [Darkroom Processing Line] DEBUG:: Saving screenshot to D:\Mi Claro APP\Auto_Mi_Claro_APP\target\site\serenity\fa7c4b12badef96613d487adf102e0ca3997c72b5715bc10f4ba799d9a008546.png
2025-07-21 17:52:19 [Test worker] DEBUG:: Send negative for processing for D:\Mi Claro APP\Auto_Mi_Claro_APP\target\site\serenity\e6fcb1496cc1cd1eabfe83f0bb8bf61666bb49d0d2dd20773057a3b92699c2e3.png
2025-07-21 17:52:19 [Test worker] DEBUG:: STEP DONE: Valida que el texto '#text' este contenido en otro texto visible.
2025-07-21 17:52:19 [Darkroom Processing Line] DEBUG:: Processing screenshot image in /var/screenshots/screenshot-8173257794959648265
2025-07-21 17:52:20 [Darkroom Processing Line] DEBUG:: Saving screenshot to D:\Mi Claro APP\Auto_Mi_Claro_APP\target\site\serenity\e6fcb1496cc1cd1eabfe83f0bb8bf61666bb49d0d2dd20773057a3b92699c2e3.png
2025-07-21 17:52:20 [Test worker] DEBUG:: Send negative for processing for D:\Mi Claro APP\Auto_Mi_Claro_APP\target\site\serenity\2f531194af1aeadf8541e3c09899ec0da0d7d482ad7d87d9b9caf5863a3e70a9.png
2025-07-21 17:52:20 [Test worker] INFO :: ?[92m|-- Then VALIDA DETALLE DE TU PLAN?[0m
2025-07-21 17:52:20 [Darkroom Processing Line] DEBUG:: Processing screenshot image in /var/screenshots/screenshot-16833631797072574980
2025-07-21 17:52:20 [Test worker] INFO :: ?[92m|---- Actor detalle tu plan?[0m
2025-07-21 17:52:20 [Test worker] DEBUG:: STARTING STEP: PagosYConsultasDefinitions.validaDetalleTuPlan - performAs
2025-07-21 17:52:21 [Darkroom Processing Line] DEBUG:: Saving screenshot to D:\Mi Claro APP\Auto_Mi_Claro_APP\target\site\serenity\2f531194af1aeadf8541e3c09899ec0da0d7d482ad7d87d9b9caf5863a3e70a9.png
2025-07-21 17:52:21 [Test worker] INFO :: ?[92m|------ Valida que el texto 'Detalle de tu plan' este contenido en otro texto visible.?[0m
2025-07-21 17:52:22 [Test worker] DEBUG:: Send negative for processing for D:\Mi Claro APP\Auto_Mi_Claro_APP\target\site\serenity\e0efe80c9f187de11cad55a2cb3c265ec6558042359e6f237d74fa6438095783.png
2025-07-21 17:52:22 [Test worker] DEBUG:: STARTING STEP: DetalleTuPlan.performAs - Valida que el texto '#text' este contenido en otro texto visible.
2025-07-21 17:52:22 [Darkroom Processing Line] DEBUG:: Processing screenshot image in /var/screenshots/screenshot-5349894672570588985
2025-07-21 17:52:22 [Darkroom Processing Line] DEBUG:: Saving screenshot to D:\Mi Claro APP\Auto_Mi_Claro_APP\target\site\serenity\e0efe80c9f187de11cad55a2cb3c265ec6558042359e6f237d74fa6438095783.png
2025-07-21 17:52:22 [Test worker] DEBUG:: Send negative for processing for D:\Mi Claro APP\Auto_Mi_Claro_APP\target\site\serenity\e0efe80c9f187de11cad55a2cb3c265ec6558042359e6f237d74fa6438095783.png
2025-07-21 17:52:22 [Test worker] DEBUG:: STEP DONE: Valida que el texto '#text' este contenido en otro texto visible.
? Texto visible sin scroll: Línea 310 263 2840 Ver detalle
2025-07-21 17:52:25 [Test worker] INFO :: ?[92m|------ Valida que el texto '310 263 2840' este contenido en otro texto visible.?[0m
2025-07-21 17:52:25 [Test worker] DEBUG:: Send negative for processing for D:\Mi Claro APP\Auto_Mi_Claro_APP\target\site\serenity\a41ad74b85a3bbf9a247d5ea7c09d403f4ceaab98cfd88498b3b78fb114e895a.png
2025-07-21 17:52:25 [Test worker] DEBUG:: STARTING STEP: DetalleTuPlan.performAs - Valida que el texto '#text' este contenido en otro texto visible.
2025-07-21 17:52:25 [Darkroom Processing Line] DEBUG:: Processing screenshot image in /var/screenshots/screenshot-2440688279565758703
2025-07-21 17:52:26 [Darkroom Processing Line] DEBUG:: Saving screenshot to D:\Mi Claro APP\Auto_Mi_Claro_APP\target\site\serenity\a41ad74b85a3bbf9a247d5ea7c09d403f4ceaab98cfd88498b3b78fb114e895a.png
2025-07-21 17:52:26 [Test worker] DEBUG:: Send negative for processing for D:\Mi Claro APP\Auto_Mi_Claro_APP\target\site\serenity\a41ad74b85a3bbf9a247d5ea7c09d403f4ceaab98cfd88498b3b78fb114e895a.png
2025-07-21 17:52:26 [Test worker] DEBUG:: STEP DONE: Valida que el texto '#text' este contenido en otro texto visible.
2025-07-21 17:52:27 [Test worker] INFO :: ?[92m|------ actor clicks on Boton de los 3 punticos para validar la mini versión?[0m
2025-07-21 17:52:27 [Test worker] DEBUG:: Send negative for processing for D:\Mi Claro APP\Auto_Mi_Claro_APP\target\site\serenity\22aad495d4ccaf73b9dda130a89a38295cd66243e4cbc153a96a30fc06eb3909.png
2025-07-21 17:52:27 [Test worker] DEBUG:: STARTING STEP: DetalleTuPlan.performAs - {0} clicks on #target
2025-07-21 17:52:27 [Darkroom Processing Line] DEBUG:: Processing screenshot image in /var/screenshots/screenshot-14478131698779918798
2025-07-21 17:52:27 [Test worker] DEBUG:: default content already selected for Boton de los 3 punticos para validar la mini versión
2025-07-21 17:52:28 [Darkroom Processing Line] DEBUG:: Saving screenshot to D:\Mi Claro APP\Auto_Mi_Claro_APP\target\site\serenity\22aad495d4ccaf73b9dda130a89a38295cd66243e4cbc153a96a30fc06eb3909.png
2025-07-21 17:52:29 [Test worker] DEBUG:: Send negative for processing for D:\Mi Claro APP\Auto_Mi_Claro_APP\target\site\serenity\b7f031d867c821e8302253472e3b487620e836b645ccdd2cbcf2799e2ad4aeb0.png
2025-07-21 17:52:29 [Darkroom Processing Line] DEBUG:: Processing screenshot image in /var/screenshots/screenshot-8660300639160924742
2025-07-21 17:52:29 [Test worker] DEBUG:: STEP DONE: {0} clicks on #target
2025-07-21 17:52:29 [Test worker] INFO :: ?[92m|------ Valida que el texto 'Acerca de' este contenido en otro texto visible.?[0m
2025-07-21 17:52:29 [Test worker] DEBUG:: STARTING STEP: DetalleTuPlan.performAs - Valida que el texto '#text' este contenido en otro texto visible.
2025-07-21 17:52:29 [Darkroom Processing Line] DEBUG:: Saving screenshot to D:\Mi Claro APP\Auto_Mi_Claro_APP\target\site\serenity\b7f031d867c821e8302253472e3b487620e836b645ccdd2cbcf2799e2ad4aeb0.png
2025-07-21 17:52:29 [Test worker] DEBUG:: Send negative for processing for D:\Mi Claro APP\Auto_Mi_Claro_APP\target\site\serenity\22b55e912d702b1bc5ff3e3d1c4b7eccec0a84e90367e666a9111b1ac52914dd.png
2025-07-21 17:52:29 [Test worker] DEBUG:: STEP DONE: Valida que el texto '#text' este contenido en otro texto visible.
2025-07-21 17:52:29 [Darkroom Processing Line] DEBUG:: Processing screenshot image in /var/screenshots/screenshot-17052033702196016016
2025-07-21 17:52:29 [Darkroom Processing Line] DEBUG:: Saving screenshot to D:\Mi Claro APP\Auto_Mi_Claro_APP\target\site\serenity\22b55e912d702b1bc5ff3e3d1c4b7eccec0a84e90367e666a9111b1ac52914dd.png
2025-07-21 17:52:31 [Test worker] INFO :: ?[92m|------ Valida que el texto 'Detalle de tu plan postpago' este presente en pantalla?[0m
2025-07-21 17:52:31 [Test worker] DEBUG:: Send negative for processing for D:\Mi Claro APP\Auto_Mi_Claro_APP\target\site\serenity\997d4b5d589d623d4dfc7a6d60e643b01626f79f5a6e31df2274da5ecfafc5d3.png
2025-07-21 17:52:31 [Test worker] DEBUG:: STARTING STEP: DetalleTuPlan.performAs - Valida que el texto '#text' este presente en pantalla
2025-07-21 17:52:31 [Darkroom Processing Line] DEBUG:: Processing screenshot image in /var/screenshots/screenshot-2015191569418081905
2025-07-21 17:52:31 [Darkroom Processing Line] DEBUG:: Saving screenshot to D:\Mi Claro APP\Auto_Mi_Claro_APP\target\site\serenity\997d4b5d589d623d4dfc7a6d60e643b01626f79f5a6e31df2274da5ecfafc5d3.png
2025-07-21 17:52:31 [Test worker] DEBUG:: Send negative for processing for D:\Mi Claro APP\Auto_Mi_Claro_APP\target\site\serenity\997d4b5d589d623d4dfc7a6d60e643b01626f79f5a6e31df2274da5ecfafc5d3.png
2025-07-21 17:52:31 [Test worker] DEBUG:: STEP DONE: Valida que el texto '#text' este presente en pantalla
2025-07-21 17:52:31 [Test worker] INFO :: ?[92m|------ Valida que el texto 'Declaración de Servicio' este presente en pantalla?[0m
2025-07-21 17:52:31 [Test worker] DEBUG:: STARTING STEP: DetalleTuPlan.performAs - Valida que el texto '#text' este presente en pantalla
2025-07-21 17:52:32 [Test worker] DEBUG:: Send negative for processing for D:\Mi Claro APP\Auto_Mi_Claro_APP\target\site\serenity\997d4b5d589d623d4dfc7a6d60e643b01626f79f5a6e31df2274da5ecfafc5d3.png
2025-07-21 17:52:32 [Test worker] DEBUG:: STEP DONE: Valida que el texto '#text' este presente en pantalla
2025-07-21 17:52:32 [Test worker] INFO :: ?[92m|------ Valida que el texto 'Ver' este contenido en otro texto visible.?[0m
2025-07-21 17:52:32 [Test worker] DEBUG:: STARTING STEP: DetalleTuPlan.performAs - Valida que el texto '#text' este contenido en otro texto visible.
2025-07-21 17:52:32 [Test worker] DEBUG:: Send negative for processing for D:\Mi Claro APP\Auto_Mi_Claro_APP\target\site\serenity\997d4b5d589d623d4dfc7a6d60e643b01626f79f5a6e31df2274da5ecfafc5d3.png
2025-07-21 17:52:32 [Test worker] DEBUG:: STEP DONE: Valida que el texto '#text' este contenido en otro texto visible.
2025-07-21 17:52:33 [Test worker] INFO :: ?[92m|------ Regresa atrás en la aplicacion.?[0m
2025-07-21 17:52:33 [Test worker] DEBUG:: Send negative for processing for D:\Mi Claro APP\Auto_Mi_Claro_APP\target\site\serenity\997d4b5d589d623d4dfc7a6d60e643b01626f79f5a6e31df2274da5ecfafc5d3.png
2025-07-21 17:52:33 [Test worker] DEBUG:: STARTING STEP: DetalleTuPlan.performAs - Regresa atrás en la aplicacion.
2025-07-21 17:52:34 [Test worker] DEBUG:: Send negative for processing for D:\Mi Claro APP\Auto_Mi_Claro_APP\target\site\serenity\5440429ee20743c53543a057b000ab54eaa985100803c1df24e09104e805e4ed.png
2025-07-21 17:52:34 [Test worker] DEBUG:: STEP DONE: Regresa atrás en la aplicacion.
2025-07-21 17:52:34 [Test worker] INFO :: ?[92m|------ Valida que el texto 'Consulta la factura de tu plan postpago' este presente en pantalla?[0m
2025-07-21 17:52:34 [Darkroom Processing Line] DEBUG:: Processing screenshot image in /var/screenshots/screenshot-2497009930393210389
2025-07-21 17:52:34 [Test worker] DEBUG:: STARTING STEP: DetalleTuPlan.performAs - Valida que el texto '#text' este presente en pantalla
2025-07-21 17:52:34 [Darkroom Processing Line] DEBUG:: Saving screenshot to D:\Mi Claro APP\Auto_Mi_Claro_APP\target\site\serenity\5440429ee20743c53543a057b000ab54eaa985100803c1df24e09104e805e4ed.png
2025-07-21 17:52:35 [Test worker] DEBUG:: Send negative for processing for D:\Mi Claro APP\Auto_Mi_Claro_APP\target\site\serenity\2d4b8ec2c5dc0265c36cb8ea289da12d674b9223f15eff82234cf032822110cc.png
2025-07-21 17:52:35 [Test worker] DEBUG:: STEP DONE: Valida que el texto '#text' este presente en pantalla
2025-07-21 17:52:35 [Test worker] INFO :: ?[92m|------ Valida que el texto 'Ver factura' este presente en pantalla?[0m
2025-07-21 17:52:35 [Darkroom Processing Line] DEBUG:: Processing screenshot image in /var/screenshots/screenshot-13641986582875345264
2025-07-21 17:52:35 [Test worker] DEBUG:: STARTING STEP: DetalleTuPlan.performAs - Valida que el texto '#text' este presente en pantalla
2025-07-21 17:52:35 [Darkroom Processing Line] DEBUG:: Saving screenshot to D:\Mi Claro APP\Auto_Mi_Claro_APP\target\site\serenity\2d4b8ec2c5dc0265c36cb8ea289da12d674b9223f15eff82234cf032822110cc.png
2025-07-21 17:52:36 [Test worker] DEBUG:: Send negative for processing for D:\Mi Claro APP\Auto_Mi_Claro_APP\target\site\serenity\2d4b8ec2c5dc0265c36cb8ea289da12d674b9223f15eff82234cf032822110cc.png
2025-07-21 17:52:36 [Test worker] DEBUG:: STEP DONE: Valida que el texto '#text' este presente en pantalla
2025-07-21 17:52:36 [Test worker] INFO :: ?[92m|------ Valida que el texto 'Tu Plan' este presente en pantalla?[0m
2025-07-21 17:52:36 [Test worker] DEBUG:: STARTING STEP: DetalleTuPlan.performAs - Valida que el texto '#text' este presente en pantalla
2025-07-21 17:52:36 [Test worker] DEBUG:: Send negative for processing for D:\Mi Claro APP\Auto_Mi_Claro_APP\target\site\serenity\2d4b8ec2c5dc0265c36cb8ea289da12d674b9223f15eff82234cf032822110cc.png
2025-07-21 17:52:36 [Test worker] DEBUG:: STEP DONE: Valida que el texto '#text' este presente en pantalla
2025-07-21 17:52:36 [Test worker] INFO :: ?[92m|------ Valida que el texto 'Cargo fijo mensual (IVA incluido)' este contenido en otro texto visible.?[0m
2025-07-21 17:52:36 [Test worker] DEBUG:: STARTING STEP: DetalleTuPlan.performAs - Valida que el texto '#text' este contenido en otro texto visible.
2025-07-21 17:52:37 [Test worker] DEBUG:: Send negative for processing for D:\Mi Claro APP\Auto_Mi_Claro_APP\target\site\serenity\2d4b8ec2c5dc0265c36cb8ea289da12d674b9223f15eff82234cf032822110cc.png
2025-07-21 17:52:37 [Test worker] DEBUG:: STEP DONE: Valida que el texto '#text' este contenido en otro texto visible.
2025-07-21 17:52:37 [Test worker] INFO :: ?[92m|------ Valida que el texto 'Datos' este presente en pantalla?[0m
2025-07-21 17:52:37 [Test worker] DEBUG:: STARTING STEP: DetalleTuPlan.performAs - Valida que el texto '#text' este presente en pantalla
2025-07-21 17:52:37 [Test worker] DEBUG:: Send negative for processing for D:\Mi Claro APP\Auto_Mi_Claro_APP\target\site\serenity\2d4b8ec2c5dc0265c36cb8ea289da12d674b9223f15eff82234cf032822110cc.png
2025-07-21 17:52:37 [Test worker] DEBUG:: STEP DONE: Valida que el texto '#text' este presente en pantalla
2025-07-21 17:52:37 [Test worker] INFO :: ?[92m|------ Valida que el texto 'Tu plan incluye' este contenido en otro texto visible.?[0m
2025-07-21 17:52:37 [Test worker] DEBUG:: STARTING STEP: DetalleTuPlan.performAs - Valida que el texto '#text' este contenido en otro texto visible.
2025-07-21 17:52:38 [Test worker] DEBUG:: Send negative for processing for D:\Mi Claro APP\Auto_Mi_Claro_APP\target\site\serenity\2d4b8ec2c5dc0265c36cb8ea289da12d674b9223f15eff82234cf032822110cc.png
2025-07-21 17:52:38 [Test worker] DEBUG:: STEP DONE: Valida que el texto '#text' este contenido en otro texto visible.
2025-07-21 17:52:38 [Test worker] INFO :: ?[92m|------ Valida que el texto 'Ver detalle de redes' este contenido en otro texto visible.?[0m
2025-07-21 17:52:38 [Test worker] DEBUG:: STARTING STEP: DetalleTuPlan.performAs - Valida que el texto '#text' este contenido en otro texto visible.
2025-07-21 17:52:38 [Test worker] DEBUG:: Send negative for processing for D:\Mi Claro APP\Auto_Mi_Claro_APP\target\site\serenity\2d4b8ec2c5dc0265c36cb8ea289da12d674b9223f15eff82234cf032822110cc.png
2025-07-21 17:52:38 [Test worker] DEBUG:: STEP DONE: Valida que el texto '#text' este contenido en otro texto visible.
2025-07-21 17:52:38 [Test worker] INFO :: ?[92m|------ Valida que el texto 'Voz' este presente en pantalla?[0m
2025-07-21 17:52:38 [Test worker] DEBUG:: STARTING STEP: DetalleTuPlan.performAs - Valida que el texto '#text' este presente en pantalla
2025-07-21 17:52:39 [Test worker] DEBUG:: Send negative for processing for D:\Mi Claro APP\Auto_Mi_Claro_APP\target\site\serenity\2d4b8ec2c5dc0265c36cb8ea289da12d674b9223f15eff82234cf032822110cc.png
2025-07-21 17:52:39 [Test worker] DEBUG:: STEP DONE: Valida que el texto '#text' este presente en pantalla
2025-07-21 17:52:39 [Test worker] INFO :: ?[92m|------ Valida que el texto 'Segundos para llamar a cualquier operador móvil o fijo nacional.' este contenido en otro texto visible.?[0m
2025-07-21 17:52:39 [Test worker] DEBUG:: STARTING STEP: DetalleTuPlan.performAs - Valida que el texto '#text' este contenido en otro texto visible.
2025-07-21 17:52:40 [Test worker] DEBUG:: Send negative for processing for D:\Mi Claro APP\Auto_Mi_Claro_APP\target\site\serenity\2d4b8ec2c5dc0265c36cb8ea289da12d674b9223f15eff82234cf032822110cc.png
2025-07-21 17:52:40 [Test worker] DEBUG:: STEP DONE: Valida que el texto '#text' este contenido en otro texto visible.
2025-07-21 17:52:40 [Test worker] INFO :: ?[92m|------ Valida que el texto 'SMS' este presente en pantalla?[0m
2025-07-21 17:52:41 [Test worker] DEBUG:: Send negative for processing for D:\Mi Claro APP\Auto_Mi_Claro_APP\target\site\serenity\2d4b8ec2c5dc0265c36cb8ea289da12d674b9223f15eff82234cf032822110cc.png
2025-07-21 17:52:41 [Test worker] DEBUG:: STARTING STEP: DetalleTuPlan.performAs - Valida que el texto '#text' este presente en pantalla
2025-07-21 17:52:41 [Test worker] DEBUG:: Send negative for processing for D:\Mi Claro APP\Auto_Mi_Claro_APP\target\site\serenity\2d4b8ec2c5dc0265c36cb8ea289da12d674b9223f15eff82234cf032822110cc.png
2025-07-21 17:52:41 [Test worker] DEBUG:: STEP DONE: Valida que el texto '#text' este presente en pantalla
2025-07-21 17:52:41 [Test worker] INFO :: ?[92m|------ Realiza Scroll una vez hacia abajo?[0m
2025-07-21 17:52:41 [Test worker] DEBUG:: STARTING STEP: DetalleTuPlan.performAs - Realiza Scroll una vez hacia abajo
2025-07-21 17:52:43 [Test worker] DEBUG:: Send negative for processing for D:\Mi Claro APP\Auto_Mi_Claro_APP\target\site\serenity\9894b64eeccf02d42f72807d91a1ea1f91746ac8a31ea2e68626ee693841f688.png
2025-07-21 17:52:43 [Test worker] DEBUG:: STEP DONE: Realiza Scroll una vez hacia abajo
2025-07-21 17:52:43 [Test worker] INFO :: ?[92m|------ Valida que el texto 'Larga Distancia Internacional' este presente en pantalla?[0m
2025-07-21 17:52:43 [Darkroom Processing Line] DEBUG:: Processing screenshot image in /var/screenshots/screenshot-8600481641589764536
2025-07-21 17:52:43 [Test worker] DEBUG:: STARTING STEP: DetalleTuPlan.performAs - Valida que el texto '#text' este presente en pantalla
2025-07-21 17:52:44 [Darkroom Processing Line] DEBUG:: Saving screenshot to D:\Mi Claro APP\Auto_Mi_Claro_APP\target\site\serenity\9894b64eeccf02d42f72807d91a1ea1f91746ac8a31ea2e68626ee693841f688.png
2025-07-21 17:52:44 [Test worker] DEBUG:: Send negative for processing for D:\Mi Claro APP\Auto_Mi_Claro_APP\target\site\serenity\9894b64eeccf02d42f72807d91a1ea1f91746ac8a31ea2e68626ee693841f688.png
2025-07-21 17:52:44 [Test worker] DEBUG:: STEP DONE: Valida que el texto '#text' este presente en pantalla
2025-07-21 17:52:44 [Test worker] INFO :: ?[92m|------ Valida que el texto 'Descripción del plan' este presente en pantalla?[0m
2025-07-21 17:52:44 [Test worker] DEBUG:: STARTING STEP: DetalleTuPlan.performAs - Valida que el texto '#text' este presente en pantalla
2025-07-21 17:52:44 [Test worker] DEBUG:: Send negative for processing for D:\Mi Claro APP\Auto_Mi_Claro_APP\target\site\serenity\9894b64eeccf02d42f72807d91a1ea1f91746ac8a31ea2e68626ee693841f688.png
2025-07-21 17:52:44 [Test worker] DEBUG:: STEP DONE: Valida que el texto '#text' este presente en pantalla
2025-07-21 17:52:44 [Test worker] INFO :: ?[92m|------ Valida que el texto 'Familia y amigos' este presente en pantalla?[0m
2025-07-21 17:52:44 [Test worker] DEBUG:: STARTING STEP: DetalleTuPlan.performAs - Valida que el texto '#text' este presente en pantalla
2025-07-21 17:52:45 [Test worker] DEBUG:: Send negative for processing for D:\Mi Claro APP\Auto_Mi_Claro_APP\target\site\serenity\41ce0605470564dbf1b5cbb5a458defc2e0708de6094cfb368a1e0685623eafb.png
2025-07-21 17:52:45 [Test worker] DEBUG:: STEP DONE: Valida que el texto '#text' este presente en pantalla
2025-07-21 17:52:45 [Darkroom Processing Line] DEBUG:: Processing screenshot image in /var/screenshots/screenshot-12677366358063407023
2025-07-21 17:52:45 [Test worker] INFO :: ?[92m|------ Valida que el texto 'Aplicaciones elegibles' este presente en pantalla?[0m
2025-07-21 17:52:45 [Test worker] DEBUG:: STARTING STEP: DetalleTuPlan.performAs - Valida que el texto '#text' este presente en pantalla
2025-07-21 17:52:45 [Darkroom Processing Line] DEBUG:: Saving screenshot to D:\Mi Claro APP\Auto_Mi_Claro_APP\target\site\serenity\41ce0605470564dbf1b5cbb5a458defc2e0708de6094cfb368a1e0685623eafb.png
2025-07-21 17:52:45 [Test worker] DEBUG:: Send negative for processing for D:\Mi Claro APP\Auto_Mi_Claro_APP\target\site\serenity\41ce0605470564dbf1b5cbb5a458defc2e0708de6094cfb368a1e0685623eafb.png
2025-07-21 17:52:45 [Test worker] DEBUG:: STEP DONE: Valida que el texto '#text' este presente en pantalla
2025-07-21 17:52:45 [Test worker] INFO :: ?[92m|------ Valida que el texto 'Mejorar plan' este presente en pantalla?[0m
2025-07-21 17:52:45 [Test worker] DEBUG:: STARTING STEP: DetalleTuPlan.performAs - Valida que el texto '#text' este presente en pantalla
2025-07-21 17:52:46 [Test worker] DEBUG:: Send negative for processing for D:\Mi Claro APP\Auto_Mi_Claro_APP\target\site\serenity\41ce0605470564dbf1b5cbb5a458defc2e0708de6094cfb368a1e0685623eafb.png
2025-07-21 17:52:46 [Test worker] DEBUG:: STEP DONE: Valida que el texto '#text' este presente en pantalla
2025-07-21 17:52:46 [Test worker] INFO :: ?[92m|------ Valida que el texto 'Paquetes adicionales' este presente en pantalla?[0m
2025-07-21 17:52:46 [Test worker] DEBUG:: STARTING STEP: DetalleTuPlan.performAs - Valida que el texto '#text' este presente en pantalla
2025-07-21 17:52:47 [Test worker] DEBUG:: Send negative for processing for D:\Mi Claro APP\Auto_Mi_Claro_APP\target\site\serenity\41ce0605470564dbf1b5cbb5a458defc2e0708de6094cfb368a1e0685623eafb.png
2025-07-21 17:52:47 [Test worker] DEBUG:: STEP DONE: Valida que el texto '#text' este presente en pantalla
2025-07-21 17:52:47 [Test worker] INFO :: ?[92m|------ Valida que el texto 'Administrar roaming' este presente en pantalla?[0m
2025-07-21 17:52:47 [Test worker] DEBUG:: STARTING STEP: DetalleTuPlan.performAs - Valida que el texto '#text' este presente en pantalla
2025-07-21 17:52:48 [Test worker] DEBUG:: Send negative for processing for D:\Mi Claro APP\Auto_Mi_Claro_APP\target\site\serenity\41ce0605470564dbf1b5cbb5a458defc2e0708de6094cfb368a1e0685623eafb.png
2025-07-21 17:52:48 [Test worker] DEBUG:: STEP DONE: Valida que el texto '#text' este presente en pantalla
2025-07-21 17:52:49 [Test worker] DEBUG:: Send negative for processing for D:\Mi Claro APP\Auto_Mi_Claro_APP\target\site\serenity\9894b64eeccf02d42f72807d91a1ea1f91746ac8a31ea2e68626ee693841f688.png
2025-07-21 17:52:49 [Test worker] DEBUG:: STEP DONE: performAs
2025-07-21 17:52:50 [Test worker] INFO :: ?[92m
  _____   ___   ___   _____     ___     _     ___   ___   ___   ___  
 |_   _| | __| / __| |_   _|   | _ \   /_\   / __| / __| | __| |   \ 
   | |   | _|  \__ \   | |     |  _/  / _ \  \__ \ \__ \ | _|  | |) |
   |_|   |___| |___/   |_|     |_|   /_/ \_\ |___/ |___/ |___| |___/ 

Ingresar a Detalle de tu plan
----------------------------------------------------------------------?[0m
]]></system-out>
  <system-err><![CDATA[jul. 21, 2025 5:51:32 P. M. utils.WordAppium <clinit>
INFO: messages.properties cargado correctamente.
jul. 21, 2025 5:51:32 P. M. utils.WordAppium inicializarPlantillaReporte
INFO: Plantilla copiada correctamente.
jul. 21, 2025 5:52:00 P. M. utils.CapturaDePantallaMovil tomarCapturaPantalla
INFO: Captura de pantalla guardada con borde rojo: Capturas/login_exitoso_a_la_super_app_20250721_175159.png
jul. 21, 2025 5:52:06 P. M. utils.CapturaDePantallaMovil tomarCapturaPantalla
INFO: Captura de pantalla guardada con borde rojo: Capturas/1__informaci_n_inicial_a__validar_versi_n_app___20250721_175205.png
jul. 21, 2025 5:52:20 P. M. utils.CapturaDePantallaMovil tomarCapturaPantalla
INFO: Captura de pantalla guardada con borde rojo: Capturas/menu_pagos_y_consultas_20250721_175219.png
jul. 21, 2025 5:52:21 P. M. utils.CapturaDePantallaMovil tomarCapturaPantalla
INFO: Captura de pantalla guardada con borde rojo: Capturas/seleccionar_detalle_de_tu_plan_20250721_175220.png
jul. 21, 2025 5:52:25 P. M. utils.CapturaDePantallaMovil tomarCapturaPantalla
INFO: Captura de pantalla guardada con borde rojo: Capturas/seleccionar_l_nea_postpago_310_263_2840_20250721_175224.png
jul. 21, 2025 5:52:33 P. M. utils.CapturaDePantallaMovil tomarCapturaPantalla
INFO: Captura de pantalla guardada con borde rojo: Capturas/validar_versi_n_de_miniprograma_20250721_175232.png
jul. 21, 2025 5:52:40 P. M. utils.CapturaDePantallaMovil tomarCapturaPantalla
INFO: Captura de pantalla guardada con borde rojo: Capturas/validar_informaci_n_detalle_del_plan_20250721_175240.png
jul. 21, 2025 5:52:48 P. M. utils.CapturaDePantallaMovil tomarCapturaPantalla
INFO: Captura de pantalla guardada con borde rojo: Capturas/validar_opciones_disponibles_20250721_175248.png
ERROR StatusLogger Log4j2 could not find a logging implementation. Please add log4j-core to the classpath. Using SimpleLogger to log to the console...
jul. 21, 2025 5:52:50 P. M. utils.WordAppium generarReporte
INFO: Reporte generado correctamente: D:\Mi Claro APP\Auto_Mi_Claro_APP\reportes\Prueba_Ingresar_a_Detalle_de_tu_plan_20250721_175249.docx
]]></system-err>
</testsuite>
